This is pdfTeX, Version 3.14159265-2.6-1.40.16 (TeX Live 2015) (preloaded format=pdflatex 2015.5.24)  7 SEP 2018 16:15
entering extended mode
 restricted \write18 enabled.
 file:line:error style messages enabled.
 %&-line parsing enabled.
**2018eddy_journal.tex
(./2018eddy_journal.tex
LaTeX2e <2015/01/01>
Babel <3.9l> and hyphenation patterns for 79 languages loaded.
(./asme2ej.cls

LaTeX Warning: You have requested document class `asme2ej',
               but the document class provides `asme2e'.

Document Class: asme2e 2001/2/14 v2.0 Standard LaTeX document class
(/usr/local/texlive/2015/texmf-dist/tex/latex/base/ifthen.sty
Package: ifthen 2014/09/29 v1.1c Standard LaTeX ifthen package (DPC)
)
(/usr/local/texlive/2015/texmf-dist/tex/latex/psnfss/times.sty
Package: times 2005/04/12 PSNFSS-v9.2a (SPQR) 
)
(/usr/local/texlive/2015/texmf-dist/tex/latex/psnfss/mathptm.sty
Package: mathptm 2005/04/12 PSNFSS-v9.2a Times w/ Math (SPQR, WaS) 


Package mathptm Warning: This package is to be regarded as obsolete.
(mathptm)                See the PSNFSS documentation.

LaTeX Font Info:    Redeclaring symbol font `operators' on input line 31.
LaTeX Font Info:    Overwriting symbol font `operators' in version `normal'
(Font)                  OT1/cmr/m/n --> OT1/ptmcm/m/n on input line 31.
LaTeX Font Info:    Overwriting symbol font `operators' in version `bold'
(Font)                  OT1/cmr/bx/n --> OT1/ptmcm/m/n on input line 31.
LaTeX Font Info:    Redeclaring symbol font `letters' on input line 32.
LaTeX Font Info:    Overwriting symbol font `letters' in version `normal'
(Font)                  OML/cmm/m/it --> OML/ptmcm/m/it on input line 32.
LaTeX Font Info:    Overwriting symbol font `letters' in version `bold'
(Font)                  OML/cmm/b/it --> OML/ptmcm/m/it on input line 32.
LaTeX Font Info:    Redeclaring symbol font `symbols' on input line 33.
LaTeX Font Info:    Overwriting symbol font `symbols' in version `normal'
(Font)                  OMS/cmsy/m/n --> OMS/pzccm/m/n on input line 33.
LaTeX Font Info:    Overwriting symbol font `symbols' in version `bold'
(Font)                  OMS/cmsy/b/n --> OMS/pzccm/m/n on input line 33.
LaTeX Font Info:    Redeclaring symbol font `largesymbols' on input line 34.
LaTeX Font Info:    Overwriting symbol font `largesymbols' in version `normal'
(Font)                  OMX/cmex/m/n --> OMX/psycm/m/n on input line 34.
LaTeX Font Info:    Overwriting symbol font `largesymbols' in version `bold'
(Font)                  OMX/cmex/m/n --> OMX/psycm/m/n on input line 34.
\symbold=\mathgroup4
\symitalic=\mathgroup5
LaTeX Font Info:    Redeclaring math alphabet \mathbf on input line 37.
LaTeX Font Info:    Overwriting math alphabet `\mathbf' in version `normal'
(Font)                  OT1/cmr/bx/n --> OT1/ptm/bx/n on input line 37.
LaTeX Font Info:    Overwriting math alphabet `\mathbf' in version `bold'
(Font)                  OT1/cmr/bx/n --> OT1/ptm/bx/n on input line 37.
LaTeX Font Info:    Redeclaring math alphabet \mathit on input line 38.
LaTeX Font Info:    Overwriting math alphabet `\mathit' in version `normal'
(Font)                  OT1/cmr/m/it --> OT1/ptm/m/it on input line 38.
LaTeX Font Info:    Overwriting math alphabet `\mathit' in version `bold'
(Font)                  OT1/cmr/bx/it --> OT1/ptm/m/it on input line 38.
) (/usr/local/texlive/2015/texmf-dist/tex/generic/oberdiek/ifpdf.sty
Package: ifpdf 2011/01/30 v2.3 Provides the ifpdf switch (HO)
Package ifpdf Info: pdfTeX in PDF mode is detected.
)
Ten Point
LaTeX Font Info:    Try loading font information for OT1+phv on input line 301.

(/usr/local/texlive/2015/texmf-dist/tex/latex/psnfss/ot1phv.fd
File: ot1phv.fd 2001/06/04 scalable font definitions for OT1/phv.
)
\c@part=\count79
\c@section=\count80
\c@subsection=\count81
\c@subsubsection=\count82
\c@paragraph=\count83
\c@subparagraph=\count84
\tempbox=\box26
\c@figure=\count85
\c@table=\count86
\@authcnt=\count87
\@tmpcnt=\count88
\bibindent=\dimen102
\tempbox=\box27
\minute=\count89
\hour=\count90
)
(/usr/local/texlive/2015/texmf-dist/tex/latex/graphics/epsfig.sty
Package: epsfig 1999/02/16 v1.7a (e)psfig emulation (SPQR)

(/usr/local/texlive/2015/texmf-dist/tex/latex/graphics/graphicx.sty
Package: graphicx 2014/10/28 v1.0g Enhanced LaTeX Graphics (DPC,SPQR)

(/usr/local/texlive/2015/texmf-dist/tex/latex/graphics/keyval.sty
Package: keyval 2014/10/28 v1.15 key=value parser (DPC)
\KV@toks@=\toks14
)
(/usr/local/texlive/2015/texmf-dist/tex/latex/graphics/graphics.sty
Package: graphics 2014/10/28 v1.0p Standard LaTeX Graphics (DPC,SPQR)

(/usr/local/texlive/2015/texmf-dist/tex/latex/graphics/trig.sty
Package: trig 1999/03/16 v1.09 sin cos tan (DPC)
)
(/usr/local/texlive/2015/texmf-dist/tex/latex/latexconfig/graphics.cfg
File: graphics.cfg 2010/04/23 v1.9 graphics configuration of TeX Live
)
Package graphics Info: Driver file: pdftex.def on input line 94.

(/usr/local/texlive/2015/texmf-dist/tex/latex/pdftex-def/pdftex.def
File: pdftex.def 2011/05/27 v0.06d Graphics/color for pdfTeX

(/usr/local/texlive/2015/texmf-dist/tex/generic/oberdiek/infwarerr.sty
Package: infwarerr 2010/04/08 v1.3 Providing info/warning/error messages (HO)
)
(/usr/local/texlive/2015/texmf-dist/tex/generic/oberdiek/ltxcmds.sty
Package: ltxcmds 2011/11/09 v1.22 LaTeX kernel commands for general use (HO)
)
\Gread@gobject=\count91
))
\Gin@req@height=\dimen103
\Gin@req@width=\dimen104
)
\epsfxsize=\dimen105
\epsfysize=\dimen106
)
(/usr/local/texlive/2015/texmf-dist/tex/latex/amsmath/amsmath.sty
Package: amsmath 2013/01/14 v2.14 AMS math features
\@mathmargin=\skip41

For additional information on amsmath, use the `?' option.
(/usr/local/texlive/2015/texmf-dist/tex/latex/amsmath/amstext.sty
Package: amstext 2000/06/29 v2.01

(/usr/local/texlive/2015/texmf-dist/tex/latex/amsmath/amsgen.sty
File: amsgen.sty 1999/11/30 v2.0
\@emptytoks=\toks15
\ex@=\dimen107
))
(/usr/local/texlive/2015/texmf-dist/tex/latex/amsmath/amsbsy.sty
Package: amsbsy 1999/11/29 v1.2d
\pmbraise@=\dimen108
)
(/usr/local/texlive/2015/texmf-dist/tex/latex/amsmath/amsopn.sty
Package: amsopn 1999/12/14 v2.01 operator names
)
\inf@bad=\count92
LaTeX Info: Redefining \frac on input line 210.
\uproot@=\count93
\leftroot@=\count94
LaTeX Info: Redefining \overline on input line 306.
\classnum@=\count95
\DOTSCASE@=\count96
LaTeX Info: Redefining \ldots on input line 378.
LaTeX Info: Redefining \dots on input line 381.
LaTeX Info: Redefining \cdots on input line 466.
\Mathstrutbox@=\box28
\strutbox@=\box29
\big@size=\dimen109
LaTeX Font Info:    Redeclaring font encoding OML on input line 566.
LaTeX Font Info:    Redeclaring font encoding OMS on input line 567.
\macc@depth=\count97
\c@MaxMatrixCols=\count98
\dotsspace@=\muskip10
\c@parentequation=\count99
\dspbrk@lvl=\count100
\tag@help=\toks16
\row@=\count101
\column@=\count102
\maxfields@=\count103
\andhelp@=\toks17
\eqnshift@=\dimen110
\alignsep@=\dimen111
\tagshift@=\dimen112
\tagwidth@=\dimen113
\totwidth@=\dimen114
\lineht@=\dimen115
\@envbody=\toks18
\multlinegap=\skip42
\multlinetaggap=\skip43
\mathdisplay@stack=\toks19
LaTeX Info: Redefining \[ on input line 2665.
LaTeX Info: Redefining \] on input line 2666.
)
(/usr/local/texlive/2015/texmf-dist/tex/latex/was/gensymb.sty
Package: gensymb 2003/07/02 v1.0 (WaS)
)
(/usr/local/texlive/2015/texmf-dist/tex/latex/enumitem/enumitem.sty
Package: enumitem 2011/09/28 v3.5.2 Customized lists
\labelindent=\skip44
\enit@outerparindent=\dimen116
\enit@toks=\toks20
\enit@inbox=\box30
\enitdp@description=\count104
)
(/usr/local/texlive/2015/texmf-dist/tex/latex/placeins/placeins.sty
Package: placeins 2005/04/18  v 2.2
)
(/usr/local/texlive/2015/texmf-dist/tex/latex/subfigure/subfigure.sty
Package: subfigure 2002/03/15 v2.1.5 subfigure package
\subfigtopskip=\skip45
\subfigcapskip=\skip46
\subfigcaptopadj=\dimen117
\subfigbottomskip=\skip47
\subfigcapmargin=\dimen118
\subfiglabelskip=\skip48
\c@subfigure=\count105
\c@lofdepth=\count106
\c@subtable=\count107
\c@lotdepth=\count108

****************************************
* Local config file subfigure.cfg used *
****************************************
(/usr/local/texlive/2015/texmf-dist/tex/latex/subfigure/subfigure.cfg)
\subfig@top=\skip49
\subfig@bottom=\skip50
)
(/usr/local/texlive/2015/texmf-dist/tex/latex/graphics/color.sty
Package: color 2014/10/28 v1.1a Standard LaTeX Color (DPC)

(/usr/local/texlive/2015/texmf-dist/tex/latex/latexconfig/color.cfg
File: color.cfg 2007/01/18 v1.5 color configuration of teTeX/TeXLive
)
Package color Info: Driver file: pdftex.def on input line 142.
)
(/usr/local/texlive/2015/texmf-dist/tex/latex/pgf/frontendlayer/tikz.sty
(/usr/local/texlive/2015/texmf-dist/tex/latex/pgf/basiclayer/pgf.sty
(/usr/local/texlive/2015/texmf-dist/tex/latex/pgf/utilities/pgfrcs.sty
(/usr/local/texlive/2015/texmf-dist/tex/generic/pgf/utilities/pgfutil-common.te
x
\pgfutil@everybye=\toks21
\pgfutil@tempdima=\dimen119
\pgfutil@tempdimb=\dimen120

(/usr/local/texlive/2015/texmf-dist/tex/generic/pgf/utilities/pgfutil-common-li
sts.tex))
(/usr/local/texlive/2015/texmf-dist/tex/generic/pgf/utilities/pgfutil-latex.def
\pgfutil@abb=\box31
(/usr/local/texlive/2015/texmf-dist/tex/latex/ms/everyshi.sty
Package: everyshi 2001/05/15 v3.00 EveryShipout Package (MS)
))
(/usr/local/texlive/2015/texmf-dist/tex/generic/pgf/utilities/pgfrcs.code.tex
Package: pgfrcs 2013/12/20 v3.0.0 (rcs-revision 1.28)
))
Package: pgf 2013/12/18 v3.0.0 (rcs-revision 1.14)
(/usr/local/texlive/2015/texmf-dist/tex/latex/pgf/basiclayer/pgfcore.sty
(/usr/local/texlive/2015/texmf-dist/tex/latex/pgf/systemlayer/pgfsys.sty
(/usr/local/texlive/2015/texmf-dist/tex/generic/pgf/systemlayer/pgfsys.code.tex
Package: pgfsys 2013/11/30 v3.0.0 (rcs-revision 1.47)
(/usr/local/texlive/2015/texmf-dist/tex/generic/pgf/utilities/pgfkeys.code.tex
\pgfkeys@pathtoks=\toks22
\pgfkeys@temptoks=\toks23

(/usr/local/texlive/2015/texmf-dist/tex/generic/pgf/utilities/pgfkeysfiltered.c
ode.tex
\pgfkeys@tmptoks=\toks24
))
\pgf@x=\dimen121
\pgf@y=\dimen122
\pgf@xa=\dimen123
\pgf@ya=\dimen124
\pgf@xb=\dimen125
\pgf@yb=\dimen126
\pgf@xc=\dimen127
\pgf@yc=\dimen128
\w@pgf@writea=\write3
\r@pgf@reada=\read1
\c@pgf@counta=\count109
\c@pgf@countb=\count110
\c@pgf@countc=\count111
\c@pgf@countd=\count112
\t@pgf@toka=\toks25
\t@pgf@tokb=\toks26
\t@pgf@tokc=\toks27

(/usr/local/texlive/2015/texmf-dist/tex/generic/pgf/systemlayer/pgf.cfg
File: pgf.cfg 2008/05/14  (rcs-revision 1.7)
)
Driver file for pgf: pgfsys-pdftex.def

(/usr/local/texlive/2015/texmf-dist/tex/generic/pgf/systemlayer/pgfsys-pdftex.d
ef
File: pgfsys-pdftex.def 2013/07/18  (rcs-revision 1.33)

(/usr/local/texlive/2015/texmf-dist/tex/generic/pgf/systemlayer/pgfsys-common-p
df.def
File: pgfsys-common-pdf.def 2013/10/10  (rcs-revision 1.13)
)))
(/usr/local/texlive/2015/texmf-dist/tex/generic/pgf/systemlayer/pgfsyssoftpath.
code.tex
File: pgfsyssoftpath.code.tex 2013/09/09  (rcs-revision 1.9)
\pgfsyssoftpath@smallbuffer@items=\count113
\pgfsyssoftpath@bigbuffer@items=\count114
)
(/usr/local/texlive/2015/texmf-dist/tex/generic/pgf/systemlayer/pgfsysprotocol.
code.tex
File: pgfsysprotocol.code.tex 2006/10/16  (rcs-revision 1.4)
)) (/usr/local/texlive/2015/texmf-dist/tex/latex/xcolor/xcolor.sty
Package: xcolor 2007/01/21 v2.11 LaTeX color extensions (UK)

(/usr/local/texlive/2015/texmf-dist/tex/latex/latexconfig/color.cfg
File: color.cfg 2007/01/18 v1.5 color configuration of teTeX/TeXLive
)
Package xcolor Info: Driver file: pdftex.def on input line 225.
LaTeX Info: Redefining \color on input line 702.
Package xcolor Info: Model `cmy' substituted by `cmy0' on input line 1337.
Package xcolor Info: Model `hsb' substituted by `rgb' on input line 1341.
Package xcolor Info: Model `RGB' extended on input line 1353.
Package xcolor Info: Model `HTML' substituted by `rgb' on input line 1355.
Package xcolor Info: Model `Hsb' substituted by `hsb' on input line 1356.
Package xcolor Info: Model `tHsb' substituted by `hsb' on input line 1357.
Package xcolor Info: Model `HSB' substituted by `hsb' on input line 1358.
Package xcolor Info: Model `Gray' substituted by `gray' on input line 1359.
Package xcolor Info: Model `wave' substituted by `hsb' on input line 1360.
)
(/usr/local/texlive/2015/texmf-dist/tex/generic/pgf/basiclayer/pgfcore.code.tex
Package: pgfcore 2010/04/11 v3.0.0 (rcs-revision 1.7)
(/usr/local/texlive/2015/texmf-dist/tex/generic/pgf/math/pgfmath.code.tex
(/usr/local/texlive/2015/texmf-dist/tex/generic/pgf/math/pgfmathcalc.code.tex
(/usr/local/texlive/2015/texmf-dist/tex/generic/pgf/math/pgfmathutil.code.tex)
(/usr/local/texlive/2015/texmf-dist/tex/generic/pgf/math/pgfmathparser.code.tex
\pgfmath@dimen=\dimen129
\pgfmath@count=\count115
\pgfmath@box=\box32
\pgfmath@toks=\toks28
\pgfmath@stack@operand=\toks29
\pgfmath@stack@operation=\toks30
)
(/usr/local/texlive/2015/texmf-dist/tex/generic/pgf/math/pgfmathfunctions.code.
tex
(/usr/local/texlive/2015/texmf-dist/tex/generic/pgf/math/pgfmathfunctions.basic
.code.tex)
(/usr/local/texlive/2015/texmf-dist/tex/generic/pgf/math/pgfmathfunctions.trigo
nometric.code.tex)
(/usr/local/texlive/2015/texmf-dist/tex/generic/pgf/math/pgfmathfunctions.rando
m.code.tex)
(/usr/local/texlive/2015/texmf-dist/tex/generic/pgf/math/pgfmathfunctions.compa
rison.code.tex)
(/usr/local/texlive/2015/texmf-dist/tex/generic/pgf/math/pgfmathfunctions.base.
code.tex)
(/usr/local/texlive/2015/texmf-dist/tex/generic/pgf/math/pgfmathfunctions.round
.code.tex)
(/usr/local/texlive/2015/texmf-dist/tex/generic/pgf/math/pgfmathfunctions.misc.
code.tex)
(/usr/local/texlive/2015/texmf-dist/tex/generic/pgf/math/pgfmathfunctions.integ
erarithmetics.code.tex)))
(/usr/local/texlive/2015/texmf-dist/tex/generic/pgf/math/pgfmathfloat.code.tex
\c@pgfmathroundto@lastzeros=\count116
))
(/usr/local/texlive/2015/texmf-dist/tex/generic/pgf/basiclayer/pgfcorepoints.co
de.tex
File: pgfcorepoints.code.tex 2013/10/07  (rcs-revision 1.27)
\pgf@picminx=\dimen130
\pgf@picmaxx=\dimen131
\pgf@picminy=\dimen132
\pgf@picmaxy=\dimen133
\pgf@pathminx=\dimen134
\pgf@pathmaxx=\dimen135
\pgf@pathminy=\dimen136
\pgf@pathmaxy=\dimen137
\pgf@xx=\dimen138
\pgf@xy=\dimen139
\pgf@yx=\dimen140
\pgf@yy=\dimen141
\pgf@zx=\dimen142
\pgf@zy=\dimen143
)
(/usr/local/texlive/2015/texmf-dist/tex/generic/pgf/basiclayer/pgfcorepathconst
ruct.code.tex
File: pgfcorepathconstruct.code.tex 2013/10/07  (rcs-revision 1.29)
\pgf@path@lastx=\dimen144
\pgf@path@lasty=\dimen145
)
(/usr/local/texlive/2015/texmf-dist/tex/generic/pgf/basiclayer/pgfcorepathusage
.code.tex
File: pgfcorepathusage.code.tex 2013/12/13  (rcs-revision 1.23)
\pgf@shorten@end@additional=\dimen146
\pgf@shorten@start@additional=\dimen147
)
(/usr/local/texlive/2015/texmf-dist/tex/generic/pgf/basiclayer/pgfcorescopes.co
de.tex
File: pgfcorescopes.code.tex 2013/10/09  (rcs-revision 1.44)
\pgfpic=\box33
\pgf@hbox=\box34
\pgf@layerbox@main=\box35
\pgf@picture@serial@count=\count117
)
(/usr/local/texlive/2015/texmf-dist/tex/generic/pgf/basiclayer/pgfcoregraphicst
ate.code.tex
File: pgfcoregraphicstate.code.tex 2013/09/19  (rcs-revision 1.11)
\pgflinewidth=\dimen148
)
(/usr/local/texlive/2015/texmf-dist/tex/generic/pgf/basiclayer/pgfcoretransform
ations.code.tex
File: pgfcoretransformations.code.tex 2013/10/10  (rcs-revision 1.17)
\pgf@pt@x=\dimen149
\pgf@pt@y=\dimen150
\pgf@pt@temp=\dimen151
)
(/usr/local/texlive/2015/texmf-dist/tex/generic/pgf/basiclayer/pgfcorequick.cod
e.tex
File: pgfcorequick.code.tex 2008/10/09  (rcs-revision 1.3)
)
(/usr/local/texlive/2015/texmf-dist/tex/generic/pgf/basiclayer/pgfcoreobjects.c
ode.tex
File: pgfcoreobjects.code.tex 2006/10/11  (rcs-revision 1.2)
)
(/usr/local/texlive/2015/texmf-dist/tex/generic/pgf/basiclayer/pgfcorepathproce
ssing.code.tex
File: pgfcorepathprocessing.code.tex 2013/09/09  (rcs-revision 1.9)
)
(/usr/local/texlive/2015/texmf-dist/tex/generic/pgf/basiclayer/pgfcorearrows.co
de.tex
File: pgfcorearrows.code.tex 2013/11/07  (rcs-revision 1.40)
\pgfarrowsep=\dimen152
)
(/usr/local/texlive/2015/texmf-dist/tex/generic/pgf/basiclayer/pgfcoreshade.cod
e.tex
File: pgfcoreshade.code.tex 2013/07/15  (rcs-revision 1.15)
\pgf@max=\dimen153
\pgf@sys@shading@range@num=\count118
)
(/usr/local/texlive/2015/texmf-dist/tex/generic/pgf/basiclayer/pgfcoreimage.cod
e.tex
File: pgfcoreimage.code.tex 2013/07/15  (rcs-revision 1.18)

(/usr/local/texlive/2015/texmf-dist/tex/generic/pgf/basiclayer/pgfcoreexternal.
code.tex
File: pgfcoreexternal.code.tex 2013/07/15  (rcs-revision 1.20)
\pgfexternal@startupbox=\box36
))
(/usr/local/texlive/2015/texmf-dist/tex/generic/pgf/basiclayer/pgfcorelayers.co
de.tex
File: pgfcorelayers.code.tex 2013/07/18  (rcs-revision 1.7)
)
(/usr/local/texlive/2015/texmf-dist/tex/generic/pgf/basiclayer/pgfcoretranspare
ncy.code.tex
File: pgfcoretransparency.code.tex 2013/09/30  (rcs-revision 1.5)
)
(/usr/local/texlive/2015/texmf-dist/tex/generic/pgf/basiclayer/pgfcorepatterns.
code.tex
File: pgfcorepatterns.code.tex 2013/11/07  (rcs-revision 1.5)
)))
(/usr/local/texlive/2015/texmf-dist/tex/generic/pgf/modules/pgfmoduleshapes.cod
e.tex
File: pgfmoduleshapes.code.tex 2013/10/31  (rcs-revision 1.34)
\pgfnodeparttextbox=\box37
)
(/usr/local/texlive/2015/texmf-dist/tex/generic/pgf/modules/pgfmoduleplot.code.
tex
File: pgfmoduleplot.code.tex 2013/07/31  (rcs-revision 1.12)
)
(/usr/local/texlive/2015/texmf-dist/tex/latex/pgf/compatibility/pgfcomp-version
-0-65.sty
Package: pgfcomp-version-0-65 2007/07/03 v3.0.0 (rcs-revision 1.7)
\pgf@nodesepstart=\dimen154
\pgf@nodesepend=\dimen155
)
(/usr/local/texlive/2015/texmf-dist/tex/latex/pgf/compatibility/pgfcomp-version
-1-18.sty
Package: pgfcomp-version-1-18 2007/07/23 v3.0.0 (rcs-revision 1.1)
))
(/usr/local/texlive/2015/texmf-dist/tex/latex/pgf/utilities/pgffor.sty
(/usr/local/texlive/2015/texmf-dist/tex/latex/pgf/utilities/pgfkeys.sty
(/usr/local/texlive/2015/texmf-dist/tex/generic/pgf/utilities/pgfkeys.code.tex)
) (/usr/local/texlive/2015/texmf-dist/tex/latex/pgf/math/pgfmath.sty
(/usr/local/texlive/2015/texmf-dist/tex/generic/pgf/math/pgfmath.code.tex))
(/usr/local/texlive/2015/texmf-dist/tex/generic/pgf/utilities/pgffor.code.tex
Package: pgffor 2013/12/13 v3.0.0 (rcs-revision 1.25)

(/usr/local/texlive/2015/texmf-dist/tex/generic/pgf/math/pgfmath.code.tex)
\pgffor@iter=\dimen156
\pgffor@skip=\dimen157
\pgffor@stack=\toks31
\pgffor@toks=\toks32
))
(/usr/local/texlive/2015/texmf-dist/tex/generic/pgf/frontendlayer/tikz/tikz.cod
e.tex
Package: tikz 2013/12/13 v3.0.0 (rcs-revision 1.142)

(/usr/local/texlive/2015/texmf-dist/tex/generic/pgf/libraries/pgflibraryplothan
dlers.code.tex
File: pgflibraryplothandlers.code.tex 2013/08/31 v3.0.0 (rcs-revision 1.20)
\pgf@plot@mark@count=\count119
\pgfplotmarksize=\dimen158
)
\tikz@lastx=\dimen159
\tikz@lasty=\dimen160
\tikz@lastxsaved=\dimen161
\tikz@lastysaved=\dimen162
\tikzleveldistance=\dimen163
\tikzsiblingdistance=\dimen164
\tikz@figbox=\box38
\tikz@figbox@bg=\box39
\tikz@tempbox=\box40
\tikz@tempbox@bg=\box41
\tikztreelevel=\count120
\tikznumberofchildren=\count121
\tikznumberofcurrentchild=\count122
\tikz@fig@count=\count123

(/usr/local/texlive/2015/texmf-dist/tex/generic/pgf/modules/pgfmodulematrix.cod
e.tex
File: pgfmodulematrix.code.tex 2013/09/17  (rcs-revision 1.8)
\pgfmatrixcurrentrow=\count124
\pgfmatrixcurrentcolumn=\count125
\pgf@matrix@numberofcolumns=\count126
)
\tikz@expandcount=\count127

(/usr/local/texlive/2015/texmf-dist/tex/generic/pgf/frontendlayer/tikz/librarie
s/tikzlibrarytopaths.code.tex
File: tikzlibrarytopaths.code.tex 2008/06/17 v3.0.0 (rcs-revision 1.2)
)))
(/usr/local/texlive/2015/texmf-dist/tex/generic/pgf/frontendlayer/tikz/librarie
s/tikzlibraryshapes.code.tex
File: tikzlibraryshapes.code.tex 2008/01/09 v3.0.0 (rcs-revision 1.1)

(/usr/local/texlive/2015/texmf-dist/tex/generic/pgf/frontendlayer/tikz/librarie
s/tikzlibraryshapes.geometric.code.tex
File: tikzlibraryshapes.geometric.code.tex 2008/01/09 v3.0.0 (rcs-revision 1.1)


(/usr/local/texlive/2015/texmf-dist/tex/generic/pgf/libraries/shapes/pgflibrary
shapes.geometric.code.tex
File: pgflibraryshapes.geometric.code.tex 2008/06/26 v3.0.0 (rcs-revision 1.1)
))
(/usr/local/texlive/2015/texmf-dist/tex/generic/pgf/frontendlayer/tikz/librarie
s/tikzlibraryshapes.misc.code.tex
File: tikzlibraryshapes.misc.code.tex 2008/01/09 v3.0.0 (rcs-revision 1.1)

(/usr/local/texlive/2015/texmf-dist/tex/generic/pgf/libraries/shapes/pgflibrary
shapes.misc.code.tex
File: pgflibraryshapes.misc.code.tex 2013/07/18 v3.0.0 (rcs-revision 1.5)
))
(/usr/local/texlive/2015/texmf-dist/tex/generic/pgf/frontendlayer/tikz/librarie
s/tikzlibraryshapes.symbols.code.tex
File: tikzlibraryshapes.symbols.code.tex 2008/01/09 v3.0.0 (rcs-revision 1.1)

(/usr/local/texlive/2015/texmf-dist/tex/generic/pgf/libraries/shapes/pgflibrary
shapes.symbols.code.tex
File: pgflibraryshapes.symbols.code.tex 2013/09/11 v3.0.0 (rcs-revision 1.6)
))
(/usr/local/texlive/2015/texmf-dist/tex/generic/pgf/frontendlayer/tikz/librarie
s/tikzlibraryshapes.arrows.code.tex
File: tikzlibraryshapes.arrows.code.tex 2008/01/09 v3.0.0 (rcs-revision 1.1)

(/usr/local/texlive/2015/texmf-dist/tex/generic/pgf/libraries/shapes/pgflibrary
shapes.arrows.code.tex
File: pgflibraryshapes.arrows.code.tex 2008/06/26 v3.0.0 (rcs-revision 1.1)
))
(/usr/local/texlive/2015/texmf-dist/tex/generic/pgf/frontendlayer/tikz/librarie
s/tikzlibraryshapes.callouts.code.tex
(/usr/local/texlive/2015/texmf-dist/tex/generic/pgf/libraries/shapes/pgflibrary
shapes.callouts.code.tex))
(/usr/local/texlive/2015/texmf-dist/tex/generic/pgf/frontendlayer/tikz/librarie
s/tikzlibraryshapes.multipart.code.tex
File: tikzlibraryshapes.multipart.code.tex 2008/01/09 v3.0.0 (rcs-revision 1.1)


(/usr/local/texlive/2015/texmf-dist/tex/generic/pgf/libraries/shapes/pgflibrary
shapes.multipart.code.tex
File: pgflibraryshapes.multipart.code.tex 2010/01/07 v3.0.0 (rcs-revision 1.2)
\pgfnodepartlowerbox=\box42
\pgfnodeparttwobox=\box43
\pgfnodepartthreebox=\box44
\pgfnodepartfourbox=\box45
\pgfnodeparttwentybox=\box46
\pgfnodepartnineteenbox=\box47
\pgfnodeparteighteenbox=\box48
\pgfnodepartseventeenbox=\box49
\pgfnodepartsixteenbox=\box50
\pgfnodepartfifteenbox=\box51
\pgfnodepartfourteenbox=\box52
\pgfnodepartthirteenbox=\box53
\pgfnodeparttwelvebox=\box54
\pgfnodepartelevenbox=\box55
\pgfnodeparttenbox=\box56
\pgfnodepartninebox=\box57
\pgfnodeparteightbox=\box58
\pgfnodepartsevenbox=\box59
\pgfnodepartsixbox=\box60
\pgfnodepartfivebox=\box61
)))
(/usr/local/texlive/2015/texmf-dist/tex/latex/hyperref/hyperref.sty
Package: hyperref 2012/11/06 v6.83m Hypertext links for LaTeX

(/usr/local/texlive/2015/texmf-dist/tex/generic/oberdiek/hobsub-hyperref.sty
Package: hobsub-hyperref 2012/05/28 v1.13 Bundle oberdiek, subset hyperref (HO)


(/usr/local/texlive/2015/texmf-dist/tex/generic/oberdiek/hobsub-generic.sty
Package: hobsub-generic 2012/05/28 v1.13 Bundle oberdiek, subset generic (HO)
Package: hobsub 2012/05/28 v1.13 Construct package bundles (HO)
Package hobsub Info: Skipping package `infwarerr' (already loaded).
Package hobsub Info: Skipping package `ltxcmds' (already loaded).
Package: ifluatex 2010/03/01 v1.3 Provides the ifluatex switch (HO)
Package ifluatex Info: LuaTeX not detected.
Package: ifvtex 2010/03/01 v1.5 Detect VTeX and its facilities (HO)
Package ifvtex Info: VTeX not detected.
Package: intcalc 2007/09/27 v1.1 Expandable calculations with integers (HO)
Package hobsub Info: Skipping package `ifpdf' (already loaded).
Package: etexcmds 2011/02/16 v1.5 Avoid name clashes with e-TeX commands (HO)
Package etexcmds Info: Could not find \expanded.
(etexcmds)             That can mean that you are not using pdfTeX 1.50 or
(etexcmds)             that some package has redefined \expanded.
(etexcmds)             In the latter case, load this package earlier.
Package: kvsetkeys 2012/04/25 v1.16 Key value parser (HO)
Package: kvdefinekeys 2011/04/07 v1.3 Define keys (HO)
Package: pdftexcmds 2011/11/29 v0.20 Utility functions of pdfTeX for LuaTeX (HO
)
Package pdftexcmds Info: LuaTeX not detected.
Package pdftexcmds Info: \pdf@primitive is available.
Package pdftexcmds Info: \pdf@ifprimitive is available.
Package pdftexcmds Info: \pdfdraftmode found.
Package: pdfescape 2011/11/25 v1.13 Implements pdfTeX's escape features (HO)
Package: bigintcalc 2012/04/08 v1.3 Expandable calculations on big integers (HO
)
Package: bitset 2011/01/30 v1.1 Handle bit-vector datatype (HO)
Package: uniquecounter 2011/01/30 v1.2 Provide unlimited unique counter (HO)
)
Package hobsub Info: Skipping package `hobsub' (already loaded).
Package: letltxmacro 2010/09/02 v1.4 Let assignment for LaTeX macros (HO)
Package: hopatch 2012/05/28 v1.2 Wrapper for package hooks (HO)
Package: xcolor-patch 2011/01/30 xcolor patch
Package: atveryend 2011/06/30 v1.8 Hooks at the very end of document (HO)
Package atveryend Info: \enddocument detected (standard20110627).
Package: atbegshi 2011/10/05 v1.16 At begin shipout hook (HO)
Package: refcount 2011/10/16 v3.4 Data extraction from label references (HO)
Package: hycolor 2011/01/30 v1.7 Color options for hyperref/bookmark (HO)
)
(/usr/local/texlive/2015/texmf-dist/tex/generic/ifxetex/ifxetex.sty
Package: ifxetex 2010/09/12 v0.6 Provides ifxetex conditional
)
(/usr/local/texlive/2015/texmf-dist/tex/latex/oberdiek/auxhook.sty
Package: auxhook 2011/03/04 v1.3 Hooks for auxiliary files (HO)
)
(/usr/local/texlive/2015/texmf-dist/tex/latex/oberdiek/kvoptions.sty
Package: kvoptions 2011/06/30 v3.11 Key value format for package options (HO)
)
\@linkdim=\dimen165
\Hy@linkcounter=\count128
\Hy@pagecounter=\count129

(/usr/local/texlive/2015/texmf-dist/tex/latex/hyperref/pd1enc.def
File: pd1enc.def 2012/11/06 v6.83m Hyperref: PDFDocEncoding definition (HO)
)
\Hy@SavedSpaceFactor=\count130

(/usr/local/texlive/2015/texmf-dist/tex/latex/latexconfig/hyperref.cfg
File: hyperref.cfg 2002/06/06 v1.2 hyperref configuration of TeXLive
)
Package hyperref Info: Hyper figures OFF on input line 4443.
Package hyperref Info: Link nesting OFF on input line 4448.
Package hyperref Info: Hyper index ON on input line 4451.
Package hyperref Info: Plain pages OFF on input line 4458.
Package hyperref Info: Backreferencing OFF on input line 4463.
Package hyperref Info: Implicit mode ON; LaTeX internals redefined.
Package hyperref Info: Bookmarks ON on input line 4688.
\c@Hy@tempcnt=\count131

(/usr/local/texlive/2015/texmf-dist/tex/latex/url/url.sty
\Urlmuskip=\muskip11
Package: url 2013/09/16  ver 3.4  Verb mode for urls, etc.
)
LaTeX Info: Redefining \url on input line 5041.
\XeTeXLinkMargin=\dimen166
\Fld@menulength=\count132
\Field@Width=\dimen167
\Fld@charsize=\dimen168
Package hyperref Info: Hyper figures OFF on input line 6295.
Package hyperref Info: Link nesting OFF on input line 6300.
Package hyperref Info: Hyper index ON on input line 6303.
Package hyperref Info: backreferencing OFF on input line 6310.
Package hyperref Info: Link coloring OFF on input line 6315.
Package hyperref Info: Link coloring with OCG OFF on input line 6320.
Package hyperref Info: PDF/A mode OFF on input line 6325.
LaTeX Info: Redefining \ref on input line 6365.
LaTeX Info: Redefining \pageref on input line 6369.
\Hy@abspage=\count133
\c@Item=\count134
\c@Hfootnote=\count135
)

Package hyperref Message: Driver (autodetected): hpdftex.

(/usr/local/texlive/2015/texmf-dist/tex/latex/hyperref/hpdftex.def
File: hpdftex.def 2012/11/06 v6.83m Hyperref driver for pdfTeX
\Fld@listcount=\count136
\c@bookmark@seq@number=\count137

(/usr/local/texlive/2015/texmf-dist/tex/latex/oberdiek/rerunfilecheck.sty
Package: rerunfilecheck 2011/04/15 v1.7 Rerun checks for auxiliary files (HO)
Package uniquecounter Info: New unique counter `rerunfilecheck' on input line 2
82.
)
\Hy@SectionHShift=\skip51
)
(/usr/local/texlive/2015/texmf-dist/tex/latex/morefloats/morefloats.sty
Package: morefloats 2012/01/28 v1.0f Raise limit of unprocessed floats (HMM; DH
)
Package morefloats Info: Maximum number of possible floats asked for: 36.
(morefloats)             LaTeX might run out of memory before this
(morefloats)             (in which case it will notify you).
(morefloats)              on input line 171.
\bx@S=\insert233
\bx@T=\insert232
\bx@U=\insert231
\bx@V=\insert230
\bx@W=\insert229
\bx@X=\insert228
\bx@Y=\insert227
\bx@Z=\insert226
\bx@AA=\insert225
\bx@AB=\insert224
\bx@AC=\insert223
\bx@AD=\insert222
\bx@AE=\insert221
\bx@AF=\insert220
\bx@AG=\insert219
\bx@AH=\insert218
\bx@AI=\insert217
\bx@AJ=\insert216
)
(./2018eddy_journal.aux)
\openout1 = `2018eddy_journal.aux'.

LaTeX Font Info:    Checking defaults for OML/cmm/m/it on input line 85.
LaTeX Font Info:    ... okay on input line 85.
LaTeX Font Info:    Checking defaults for T1/cmr/m/n on input line 85.
LaTeX Font Info:    ... okay on input line 85.
LaTeX Font Info:    Checking defaults for OT1/cmr/m/n on input line 85.
LaTeX Font Info:    ... okay on input line 85.
LaTeX Font Info:    Checking defaults for OMS/cmsy/m/n on input line 85.
LaTeX Font Info:    ... okay on input line 85.
LaTeX Font Info:    Checking defaults for OMX/cmex/m/n on input line 85.
LaTeX Font Info:    ... okay on input line 85.
LaTeX Font Info:    Checking defaults for U/cmr/m/n on input line 85.
LaTeX Font Info:    ... okay on input line 85.
LaTeX Font Info:    Checking defaults for PD1/pdf/m/n on input line 85.
LaTeX Font Info:    ... okay on input line 85.
LaTeX Font Info:    Try loading font information for OT1+ptm on input line 85.

(/usr/local/texlive/2015/texmf-dist/tex/latex/psnfss/ot1ptm.fd
File: ot1ptm.fd 2001/06/04 font definitions for OT1/ptm.
)
(/usr/local/texlive/2015/texmf-dist/tex/context/base/supp-pdf.mkii
[Loading MPS to PDF converter (version 2006.09.02).]
\scratchcounter=\count138
\scratchdimen=\dimen169
\scratchbox=\box62
\nofMPsegments=\count139
\nofMParguments=\count140
\everyMPshowfont=\toks33
\MPscratchCnt=\count141
\MPscratchDim=\dimen170
\MPnumerator=\count142
\makeMPintoPDFobject=\count143
\everyMPtoPDFconversion=\toks34
) (/usr/local/texlive/2015/texmf-dist/tex/latex/oberdiek/epstopdf-base.sty
Package: epstopdf-base 2010/02/09 v2.5 Base part for package epstopdf

(/usr/local/texlive/2015/texmf-dist/tex/latex/oberdiek/grfext.sty
Package: grfext 2010/08/19 v1.1 Manage graphics extensions (HO)
)
Package grfext Info: Graphics extension search list:
(grfext)             [.png,.pdf,.jpg,.mps,.jpeg,.jbig2,.jb2,.PNG,.PDF,.JPG,.JPE
G,.JBIG2,.JB2,.eps]
(grfext)             \AppendGraphicsExtensions on input line 452.

(/usr/local/texlive/2015/texmf-dist/tex/latex/latexconfig/epstopdf-sys.cfg
File: epstopdf-sys.cfg 2010/07/13 v1.3 Configuration of (r)epstopdf for TeX Liv
e
))
LaTeX Info: Redefining \celsius on input line 85.
Package gensymb Info: Faking symbols for \degree and \celsius on input line 85.



Package gensymb Warning: Not defining \perthousand.

LaTeX Info: Redefining \ohm on input line 85.
Package gensymb Info: Using \Omega for \ohm on input line 85.

Package gensymb Warning: Not defining \micro.

ABD: EveryShipout initializing macros
\AtBeginShipoutBox=\box63
Package hyperref Info: Link coloring OFF on input line 85.

(/usr/local/texlive/2015/texmf-dist/tex/latex/hyperref/nameref.sty
Package: nameref 2012/10/27 v2.43 Cross-referencing by name of section

(/usr/local/texlive/2015/texmf-dist/tex/generic/oberdiek/gettitlestring.sty
Package: gettitlestring 2010/12/03 v1.4 Cleanup title references (HO)
)
\c@section@level=\count144
)
LaTeX Info: Redefining \ref on input line 85.
LaTeX Info: Redefining \pageref on input line 85.
LaTeX Info: Redefining \nameref on input line 85.

(./2018eddy_journal.out) (./2018eddy_journal.out)
\@outlinefile=\write4
\openout4 = `2018eddy_journal.out'.

LaTeX Font Info:    Try loading font information for OT1+ptmcm on input line 88
.

(/usr/local/texlive/2015/texmf-dist/tex/latex/psnfss/ot1ptmcm.fd
File: ot1ptmcm.fd 2000/01/03 Fontinst v1.801 font definitions for OT1/ptmcm.
)
LaTeX Font Info:    Try loading font information for OML+ptmcm on input line 88
.

(/usr/local/texlive/2015/texmf-dist/tex/latex/psnfss/omlptmcm.fd
File: omlptmcm.fd 2000/01/03 Fontinst v1.801 font definitions for OML/ptmcm.
)
LaTeX Font Info:    Try loading font information for OMS+pzccm on input line 88
.

(/usr/local/texlive/2015/texmf-dist/tex/latex/psnfss/omspzccm.fd
File: omspzccm.fd 2000/01/03 Fontinst v1.801 font definitions for OMS/pzccm.
)
LaTeX Font Info:    Try loading font information for OMX+psycm on input line 88
.

(/usr/local/texlive/2015/texmf-dist/tex/latex/psnfss/omxpsycm.fd
File: omxpsycm.fd 2000/01/03 Fontinst v1.801 font definitions for OMX/psycm.
)
LaTeX Font Info:    Font shape `OT1/ptm/bx/n' in size <10> not available
(Font)              Font shape `OT1/ptm/b/n' tried instead on input line 88.
LaTeX Font Info:    Font shape `OT1/ptm/bx/n' in size <7.4> not available
(Font)              Font shape `OT1/ptm/b/n' tried instead on input line 88.
LaTeX Font Info:    Font shape `OT1/ptm/bx/n' in size <6> not available
(Font)              Font shape `OT1/ptm/b/n' tried instead on input line 88.

Underfull \hbox (badness 10000) detected at line 88
[]
 []

LaTeX Font Info:    Font shape `OT1/ptm/bx/n' in size <8> not available
(Font)              Font shape `OT1/ptm/b/n' tried instead on input line 88.
LaTeX Font Info:    Font shape `OT1/ptm/bx/n' in size <5> not available
(Font)              Font shape `OT1/ptm/b/n' tried instead on input line 88.
(./legend.tex)
Overfull \vbox (13.20905pt too high) has occurred while \output is active []


(./intro.tex [1{/usr/local/texlive/2015/texmf-var/fonts/map/pdftex/updmap/pdfte
x.map}


]
Underfull \vbox (badness 10000) has occurred while \output is active []

) [2]
(./governing.tex
Overfull \hbox (4.28943pt too wide) in paragraph at lines 30--30
[] 
 []


Underfull \vbox (badness 10000) has occurred while \output is active []

)
(./eos.tex
Overfull \hbox (13.24237pt too wide) in paragraph at lines 15--31
 [] 
 []

) (./precondition.tex
Underfull \hbox (badness 5832) in paragraph at lines 4--6
\OT1/ptm/m/n/10 The pre-con-di-tioner for the en-tropy vari-ables $\OT1/ptm/b/n
/10 W[] \OT1/ptmcm/m/n/10 =
 []

[3]) (./muscl.tex) (./eddy.tex
<./figures/vorcord.png, id=188, 654.445pt x 592.2125pt>
File: ./figures/vorcord.png Graphic file (type png)

<use ./figures/vorcord.png>
Package pdftex.def Info: ./figures/vorcord.png used on input line 4.
(pdftex.def)             Requested size: 238.96957pt x 216.24161pt.
 [4]) (./eddy-p.tex) (./vortex3d.tex
<./figures/vortex3d/vortex3d.png, id=222, 1226.5825pt x 1089.06876pt>
File: ./figures/vortex3d/vortex3d.png Graphic file (type png)

<use ./figures/vortex3d/vortex3d.png>
Package pdftex.def Info: ./figures/vortex3d/vortex3d.png used on input line 17.

(pdftex.def)             Requested size: 238.96957pt x 161.5419pt.

<./figures/vortex3d/04up/04u1.png, id=225, 1218.5525pt x 1083.04625pt>
File: ./figures/vortex3d/04up/04u1.png Graphic file (type png)

<use ./figures/vortex3d/04up/04u1.png>
Package pdftex.def Info: ./figures/vortex3d/04up/04u1.png used on input line 26
.
(pdftex.def)             Requested size: 160.88971pt x 143.09372pt.

<./figures/vortex3d/03up/03u1.png, id=227, 1220.56pt x 1085.05376pt>
File: ./figures/vortex3d/03up/03u1.png Graphic file (type png)

<use ./figures/vortex3d/03up/03u1.png>
Package pdftex.def Info: ./figures/vortex3d/03up/03u1.png used on input line 27
.
(pdftex.def)             Requested size: 160.88971pt x 143.13478pt.

<./figures/vortex3d/05up/05u1.png, id=229, 1219.55624pt x 1084.05pt>
File: ./figures/vortex3d/05up/05u1.png Graphic file (type png)

<use ./figures/vortex3d/05up/05u1.png>
Package pdftex.def Info: ./figures/vortex3d/05up/05u1.png used on input line 28
.
(pdftex.def)             Requested size: 160.88971pt x 143.12225pt.

<./figures/vortex3d/04up/04u3.png, id=231, 1219.55624pt x 1084.05pt>
File: ./figures/vortex3d/04up/04u3.png Graphic file (type png)

<use ./figures/vortex3d/04up/04u3.png>
Package pdftex.def Info: ./figures/vortex3d/04up/04u3.png used on input line 29
.
(pdftex.def)             Requested size: 160.88971pt x 143.12225pt.

<./figures/vortex3d/03up/03u3.png, id=233, 1218.5525pt x 1084.05pt>
File: ./figures/vortex3d/03up/03u3.png Graphic file (type png)

<use ./figures/vortex3d/03up/03u3.png>
Package pdftex.def Info: ./figures/vortex3d/03up/03u3.png used on input line 30
.
(pdftex.def)             Requested size: 160.88971pt x 143.23273pt.

<./figures/vortex3d/05up/05u3.png, id=235, 1219.55624pt x 1083.04625pt>
File: ./figures/vortex3d/05up/05u3.png Graphic file (type png)

<use ./figures/vortex3d/05up/05u3.png>
Package pdftex.def Info: ./figures/vortex3d/05up/05u3.png used on input line 31
.
(pdftex.def)             Requested size: 160.88971pt x 142.98335pt.

<./figures/vortex3d/04up/04u5.png, id=237, 1218.5525pt x 1084.05pt>
File: ./figures/vortex3d/04up/04u5.png Graphic file (type png)

<use ./figures/vortex3d/04up/04u5.png>
Package pdftex.def Info: ./figures/vortex3d/04up/04u5.png used on input line 32
.
(pdftex.def)             Requested size: 160.88971pt x 143.23273pt.

<./figures/vortex3d/03up/03u5.png, id=239, 1220.56pt x 1085.05376pt>
File: ./figures/vortex3d/03up/03u5.png Graphic file (type png)

<use ./figures/vortex3d/03up/03u5.png>
Package pdftex.def Info: ./figures/vortex3d/03up/03u5.png used on input line 33
.
(pdftex.def)             Requested size: 160.88971pt x 143.13478pt.

<./figures/vortex3d/05up/05u5.png, id=241, 1218.5525pt x 1083.04625pt>
File: ./figures/vortex3d/05up/05u5.png Graphic file (type png)

<use ./figures/vortex3d/05up/05u5.png>
Package pdftex.def Info: ./figures/vortex3d/05up/05u5.png used on input line 34
.
(pdftex.def)             Requested size: 160.88971pt x 143.09372pt.
 [5 <./figures/vorcord.png>]
<./figures/vortex3d/04up/04p1.png, id=267, 1219.55624pt x 1084.05pt>
File: ./figures/vortex3d/04up/04p1.png Graphic file (type png)

<use ./figures/vortex3d/04up/04p1.png>
Package pdftex.def Info: ./figures/vortex3d/04up/04p1.png used on input line 44
.
(pdftex.def)             Requested size: 160.88971pt x 143.12225pt.

<./figures/vortex3d/03up/03p1.png, id=269, 1219.55624pt x 1084.05pt>
File: ./figures/vortex3d/03up/03p1.png Graphic file (type png)

<use ./figures/vortex3d/03up/03p1.png>
Package pdftex.def Info: ./figures/vortex3d/03up/03p1.png used on input line 45
.
(pdftex.def)             Requested size: 160.88971pt x 143.12225pt.

<./figures/vortex3d/05up/05p1.png, id=271, 1219.55624pt x 1084.05pt>
File: ./figures/vortex3d/05up/05p1.png Graphic file (type png)

<use ./figures/vortex3d/05up/05p1.png>
Package pdftex.def Info: ./figures/vortex3d/05up/05p1.png used on input line 46
.
(pdftex.def)             Requested size: 160.88971pt x 143.12225pt.

<./figures/vortex3d/04up/04p3.png, id=273, 1218.5525pt x 1083.04625pt>
File: ./figures/vortex3d/04up/04p3.png Graphic file (type png)

<use ./figures/vortex3d/04up/04p3.png>
Package pdftex.def Info: ./figures/vortex3d/04up/04p3.png used on input line 47
.
(pdftex.def)             Requested size: 160.88971pt x 143.09372pt.

<./figures/vortex3d/03up/03p3.png, id=275, 1220.56pt x 1085.05376pt>
File: ./figures/vortex3d/03up/03p3.png Graphic file (type png)

<use ./figures/vortex3d/03up/03p3.png>
Package pdftex.def Info: ./figures/vortex3d/03up/03p3.png used on input line 48
.
(pdftex.def)             Requested size: 160.88971pt x 143.13478pt.

<./figures/vortex3d/05up/05p3.png, id=277, 1218.5525pt x 1083.04625pt>
File: ./figures/vortex3d/05up/05p3.png Graphic file (type png)

<use ./figures/vortex3d/05up/05p3.png>
Package pdftex.def Info: ./figures/vortex3d/05up/05p3.png used on input line 49
.
(pdftex.def)             Requested size: 160.88971pt x 143.09372pt.

<./figures/vortex3d/04up/04p5.png, id=279, 1218.5525pt x 1083.04625pt>
File: ./figures/vortex3d/04up/04p5.png Graphic file (type png)

<use ./figures/vortex3d/04up/04p5.png>
Package pdftex.def Info: ./figures/vortex3d/04up/04p5.png used on input line 50
.
(pdftex.def)             Requested size: 160.88971pt x 143.09372pt.

<./figures/vortex3d/03up/03p5.png, id=281, 1219.55624pt x 1084.05pt>
File: ./figures/vortex3d/03up/03p5.png Graphic file (type png)

<use ./figures/vortex3d/03up/03p5.png>
Package pdftex.def Info: ./figures/vortex3d/03up/03p5.png used on input line 51
.
(pdftex.def)             Requested size: 160.88971pt x 143.12225pt.

<./figures/vortex3d/05up/05p5.png, id=283, 1218.5525pt x 1083.04625pt>
File: ./figures/vortex3d/05up/05p5.png Graphic file (type png)

<use ./figures/vortex3d/05up/05p5.png>
Package pdftex.def Info: ./figures/vortex3d/05up/05p5.png used on input line 52
.
(pdftex.def)             Requested size: 160.88971pt x 143.09372pt.

<./figures/vortex3d/l2/u.png, id=289, 1092.08pt x 969.6225pt>
File: ./figures/vortex3d/l2/u.png Graphic file (type png)

<use ./figures/vortex3d/l2/u.png>
Package pdftex.def Info: ./figures/vortex3d/l2/u.png used on input line 68.
(pdftex.def)             Requested size: 118.27853pt x 104.38171pt.

<./figures/vortex3d/l2/p.png, id=291, 1092.08pt x 968.61874pt>
File: ./figures/vortex3d/l2/p.png Graphic file (type png)

<use ./figures/vortex3d/l2/p.png>
Package pdftex.def Info: ./figures/vortex3d/l2/p.png used on input line 69.
(pdftex.def)             Requested size: 118.27853pt x 104.2678pt.

<./figures/vortex3d/lines/m.png, id=293, 1218.5525pt x 1083.04625pt>
File: ./figures/vortex3d/lines/m.png Graphic file (type png)

<use ./figures/vortex3d/lines/m.png>
Package pdftex.def Info: ./figures/vortex3d/lines/m.png used on input line 81.
(pdftex.def)             Requested size: 78.44843pt x 69.76527pt.

<./figures/vortex3d/lines/e.png, id=295, 1219.55624pt x 1084.05pt>
File: ./figures/vortex3d/lines/e.png Graphic file (type png)

<use ./figures/vortex3d/lines/e.png>
Package pdftex.def Info: ./figures/vortex3d/lines/e.png used on input line 82.
(pdftex.def)             Requested size: 78.44843pt x 69.76993pt.

<./figures/vortex3d/lines/ep.png, id=297, 1218.5525pt x 1083.04625pt>
File: ./figures/vortex3d/lines/ep.png Graphic file (type png)

<use ./figures/vortex3d/lines/ep.png>
Package pdftex.def Info: ./figures/vortex3d/lines/ep.png used on input line 83.

(pdftex.def)             Requested size: 78.44843pt x 69.76527pt.

<./figures/vortex3d/order.png, id=299, 1092.08pt x 969.6225pt>
File: ./figures/vortex3d/order.png Graphic file (type png)

<use ./figures/vortex3d/order.png>
Package pdftex.def Info: ./figures/vortex3d/order.png used on input line 92.
(pdftex.def)             Requested size: 238.96957pt x 212.32845pt.
) (./vortex3dv.tex
Underfull \vbox (badness 4001) has occurred while \output is active []


<./figures/vortex3d/viscous/m1.png, id=304, 1092.08pt x 969.6225pt>
File: ./figures/vortex3d/viscous/m1.png Graphic file (type png)

<use ./figures/vortex3d/viscous/m1.png>
Package pdftex.def Info: ./figures/vortex3d/viscous/m1.png used on input line 1
0.
(pdftex.def)             Requested size: 78.44843pt x 69.22289pt.

<./figures/vortex3d/viscous/e1.png, id=306, 1092.08pt x 969.6225pt>
File: ./figures/vortex3d/viscous/e1.png Graphic file (type png)

<use ./figures/vortex3d/viscous/e1.png>
Package pdftex.def Info: ./figures/vortex3d/viscous/e1.png used on input line 1
1.
(pdftex.def)             Requested size: 78.44843pt x 69.22289pt.

<./figures/vortex3d/viscous/ep1.png, id=308, 1093.08376pt x 970.62625pt>
File: ./figures/vortex3d/viscous/ep1.png Graphic file (type png)

<use ./figures/vortex3d/viscous/ep1.png>
Package pdftex.def Info: ./figures/vortex3d/viscous/ep1.png used on input line 
12.
(pdftex.def)             Requested size: 78.44843pt x 69.22816pt.

<./figures/vortex3d/viscous/m2.png, id=310, 1093.08376pt x 970.62625pt>
File: ./figures/vortex3d/viscous/m2.png Graphic file (type png)

<use ./figures/vortex3d/viscous/m2.png>
Package pdftex.def Info: ./figures/vortex3d/viscous/m2.png used on input line 1
3.
(pdftex.def)             Requested size: 78.44843pt x 69.22816pt.

<./figures/vortex3d/viscous/e2.png, id=312, 1092.08pt x 969.6225pt>
File: ./figures/vortex3d/viscous/e2.png Graphic file (type png)

<use ./figures/vortex3d/viscous/e2.png>
Package pdftex.def Info: ./figures/vortex3d/viscous/e2.png used on input line 1
4.
(pdftex.def)             Requested size: 78.44843pt x 69.22289pt.

<./figures/vortex3d/viscous/ep2.png, id=314, 1091.07625pt x 969.6225pt>
File: ./figures/vortex3d/viscous/ep2.png Graphic file (type png)

<use ./figures/vortex3d/viscous/ep2.png>
Package pdftex.def Info: ./figures/vortex3d/viscous/ep2.png used on input line 
15.
(pdftex.def)             Requested size: 78.44843pt x 69.29306pt.

<./figures/vortex3d/viscous/m3.png, id=316, 1093.08376pt x 970.62625pt>
File: ./figures/vortex3d/viscous/m3.png Graphic file (type png)

<use ./figures/vortex3d/viscous/m3.png>
Package pdftex.def Info: ./figures/vortex3d/viscous/m3.png used on input line 1
6.
(pdftex.def)             Requested size: 78.44843pt x 69.22816pt.

<./figures/vortex3d/viscous/e3.png, id=318, 1092.08pt x 969.6225pt>
File: ./figures/vortex3d/viscous/e3.png Graphic file (type png)

<use ./figures/vortex3d/viscous/e3.png>
Package pdftex.def Info: ./figures/vortex3d/viscous/e3.png used on input line 1
7.
(pdftex.def)             Requested size: 78.44843pt x 69.22289pt.

<./figures/vortex3d/viscous/ep3.png, id=320, 1092.08pt x 969.6225pt>
File: ./figures/vortex3d/viscous/ep3.png Graphic file (type png)

<use ./figures/vortex3d/viscous/ep3.png>
Package pdftex.def Info: ./figures/vortex3d/viscous/ep3.png used on input line 
18.
(pdftex.def)             Requested size: 78.44843pt x 69.22289pt.

<./figures/vortex3d/viscous/1.png, id=322, 982.67125pt x 447.6725pt>
File: ./figures/vortex3d/viscous/1.png Graphic file (type png)

<use ./figures/vortex3d/viscous/1.png>
Package pdftex.def Info: ./figures/vortex3d/viscous/1.png used on input line 38
.
(pdftex.def)             Requested size: 160.88971pt x 73.2958pt.

<./figures/vortex3d/viscous/2.png, id=324, 986.68625pt x 448.67625pt>
File: ./figures/vortex3d/viscous/2.png Graphic file (type png)

<use ./figures/vortex3d/viscous/2.png>
Package pdftex.def Info: ./figures/vortex3d/viscous/2.png used on input line 39
.
(pdftex.def)             Requested size: 160.88971pt x 73.1589pt.

<./figures/vortex3d/viscous/3.png, id=326, 992.70876pt x 446.66875pt>
File: ./figures/vortex3d/viscous/3.png Graphic file (type png)

<use ./figures/vortex3d/viscous/3.png>
Package pdftex.def Info: ./figures/vortex3d/viscous/3.png used on input line 40
.
(pdftex.def)             Requested size: 160.88971pt x 72.38857pt.
) (./bulbt.tex
<./figures/bulbt/bulbt.png, id=328, 1039.885pt x 624.3325pt>
File: ./figures/bulbt/bulbt.png Graphic file (type png)

<use ./figures/bulbt/bulbt.png>
Package pdftex.def Info: ./figures/bulbt/bulbt.png used on input line 5.
(pdftex.def)             Requested size: 238.96957pt x 143.4696pt.

<./figures/bulbt/bulbt-op.png, id=331, 672.5125pt x 572.1375pt>
File: ./figures/bulbt/bulbt-op.png Graphic file (type png)

<use ./figures/bulbt/bulbt-op.png>
Package pdftex.def Info: ./figures/bulbt/bulbt-op.png used on input line 12.
(pdftex.def)             Requested size: 238.96957pt x 142.63713pt.

<./figures/bulbt/drafttube.png, id=337, 544.0325pt x 292.09125pt>
File: ./figures/bulbt/drafttube.png Graphic file (type png)

<use ./figures/bulbt/drafttube.png>
Package pdftex.def Info: ./figures/bulbt/drafttube.png used on input line 27.
(pdftex.def)             Requested size: 238.96957pt x 128.30214pt.

<./figures/bulbt/geometry.png, id=341, 978.65625pt x 870.25125pt>
File: ./figures/bulbt/geometry.png Graphic file (type png)

<use ./figures/bulbt/geometry.png>
Package pdftex.def Info: ./figures/bulbt/geometry.png used on input line 39.
(pdftex.def)             Requested size: 238.96957pt x 163.08722pt.

<./figures/bulbt/grid/overview.png, id=346, 1095.09125pt x 972.63374pt>
File: ./figures/bulbt/grid/overview.png Graphic file (type png)

<use ./figures/bulbt/grid/overview.png>
Package pdftex.def Info: ./figures/bulbt/grid/overview.png used on input line 4
8.
(pdftex.def)             Requested size: 490.10214pt x 333.4333pt.

<./figures/bulbt/grid/3m.png, id=348, 1092.08pt x 969.6225pt>
File: ./figures/bulbt/grid/3m.png Graphic file (type png)

<use ./figures/bulbt/grid/3m.png>
Package pdftex.def Info: ./figures/bulbt/grid/3m.png used on input line 55.
(pdftex.def)             Requested size: 160.88971pt x 92.6783pt.

<./figures/bulbt/grid/14m.png, id=350, 1093.08376pt x 969.6225pt>
File: ./figures/bulbt/grid/14m.png Graphic file (type png)

<use ./figures/bulbt/grid/14m.png>
Package pdftex.def Info: ./figures/bulbt/grid/14m.png used on input line 56.
(pdftex.def)             Requested size: 160.88971pt x 92.57626pt.

<./figures/bulbt/grid/50m.png, id=352, 1093.08376pt x 970.62625pt>
File: ./figures/bulbt/grid/50m.png Graphic file (type png)

<use ./figures/bulbt/grid/50m.png>
Package pdftex.def Info: ./figures/bulbt/grid/50m.png used on input line 57.
(pdftex.def)             Requested size: 160.88971pt x 92.75693pt.
 [6 <./figures/vortex3d/vortex3d.png>]
Underfull \vbox (badness 1436) has occurred while \output is active []


<./figures/bulbt/Location4B.png, id=373, 626.34pt x 513.92pt>
File: ./figures/bulbt/Location4B.png Graphic file (type png)

<use ./figures/bulbt/Location4B.png>
Package pdftex.def Info: ./figures/bulbt/Location4B.png used on input line 80.
(pdftex.def)             Requested size: 238.96957pt x 185.22023pt.

Underfull \vbox (badness 10000) has occurred while \output is active []

 [7 <./figures/vortex3d/04up/04u1.png> <./figures/vortex3d/03up/03u1.png> <./fi
gures/vortex3d/05up/05u1.png> <./figures/vortex3d/04up/04u3.png> <./figures/vor
tex3d/03up/03u3.png> <./figures/vortex3d/05up/05u3.png> <./figures/vortex3d/04u
p/04u5.png> <./figures/vortex3d/03up/03u5.png> <./figures/vortex3d/05up/05u5.pn
g>]
Underfull \vbox (badness 1867) has occurred while \output is active []

 [8 <./figures/vortex3d/04up/04p1.png> <./figures/vortex3d/03up/03p1.png> <./fi
gures/vortex3d/05up/05p1.png> <./figures/vortex3d/04up/04p3.png> <./figures/vor
tex3d/03up/03p3.png> <./figures/vortex3d/05up/05p3.png> <./figures/vortex3d/04u
p/04p5.png> <./figures/vortex3d/03up/03p5.png> <./figures/vortex3d/05up/05p5.pn
g>] [9 <./figures/vortex3d/l2/u.png> <./figures/vortex3d/l2/p.png> <./figures/v
ortex3d/lines/m.png> <./figures/vortex3d/lines/e.png> <./figures/vortex3d/lines
/ep.png> <./figures/vortex3d/order.png> <./figures/vortex3d/viscous/m1.png> <./
figures/vortex3d/viscous/e1.png> <./figures/vortex3d/viscous/ep1.png> <./figure
s/vortex3d/viscous/m2.png> <./figures/vortex3d/viscous/e2.png> <./figures/vorte
x3d/viscous/ep2.png> <./figures/vortex3d/viscous/m3.png> <./figures/vortex3d/vi
scous/e3.png> <./figures/vortex3d/viscous/ep3.png>] [10 <./figures/vortex3d/vis
cous/1.png> <./figures/vortex3d/viscous/2.png> <./figures/vortex3d/viscous/3.pn
g> <./figures/bulbt/bulbt.png> <./figures/bulbt/bulbt-op.png> <./figures/bulbt/
drafttube.png> <./figures/bulbt/geometry.png>]
Underfull \vbox (badness 10000) has occurred while \output is active []

 [11 <./figures/bulbt/grid/overview.png> <./figures/bulbt/grid/3m.png> <./figur
es/bulbt/grid/14m.png> <./figures/bulbt/grid/50m.png>]
Package epstopdf Info: Source file: <./figures/bulbt/4BY0/3m/multi_plan4BY0_Bul
bT_op2_uncert_X_w.eps>
(epstopdf)                    date: 2018-08-05 15:33:00
(epstopdf)                    size: 43534 bytes
(epstopdf)             Output file: <./figures/bulbt/4BY0/3m/multi_plan4BY0_Bul
bT_op2_uncert_X_w-eps-converted-to.pdf>
(epstopdf)                    date: 2018-08-05 16:14:29
(epstopdf)                    size: 14172 bytes
(epstopdf)             Command: <repstopdf --outfile=./figures/bulbt/4BY0/3m/mu
lti_plan4BY0_BulbT_op2_uncert_X_w-eps-converted-to.pdf ./figures/bulbt/4BY0/3m/
multi_plan4BY0_BulbT_op2_uncert_X_w.eps>
(epstopdf)             \includegraphics on input line 140.
Package epstopdf Info: Output file is already uptodate.

<./figures/bulbt/4BY0/3m/multi_plan4BY0_BulbT_op2_uncert_X_w-eps-converted-to.p
df, id=560, 614.295pt x 794.97pt>
File: ./figures/bulbt/4BY0/3m/multi_plan4BY0_BulbT_op2_uncert_X_w-eps-converted
-to.pdf Graphic file (type pdf)

<use ./figures/bulbt/4BY0/3m/multi_plan4BY0_BulbT_op2_uncert_X_w-eps-converted-
to.pdf>
Package pdftex.def Info: ./figures/bulbt/4BY0/3m/multi_plan4BY0_BulbT_op2_uncer
t_X_w-eps-converted-to.pdf used on input line 140.
(pdftex.def)             Requested size: 236.5534pt x 193.59396pt.
Package epstopdf Info: Source file: <./figures/bulbt/4BY0/14m/multi_plan4BY0_Bu
lbT_op2_uncert_X_w.eps>
(epstopdf)                    date: 2018-08-04 16:26:13
(epstopdf)                    size: 47526 bytes
(epstopdf)             Output file: <./figures/bulbt/4BY0/14m/multi_plan4BY0_Bu
lbT_op2_uncert_X_w-eps-converted-to.pdf>
(epstopdf)                    date: 2018-08-05 16:14:29
(epstopdf)                    size: 15102 bytes
(epstopdf)             Command: <repstopdf --outfile=./figures/bulbt/4BY0/14m/m
ulti_plan4BY0_BulbT_op2_uncert_X_w-eps-converted-to.pdf ./figures/bulbt/4BY0/14
m/multi_plan4BY0_BulbT_op2_uncert_X_w.eps>
(epstopdf)             \includegraphics on input line 141.
Package epstopdf Info: Output file is already uptodate.

<./figures/bulbt/4BY0/14m/multi_plan4BY0_BulbT_op2_uncert_X_w-eps-converted-to.
pdf, id=562, 614.295pt x 794.97pt>
File: ./figures/bulbt/4BY0/14m/multi_plan4BY0_BulbT_op2_uncert_X_w-eps-converte
d-to.pdf Graphic file (type pdf)

<use ./figures/bulbt/4BY0/14m/multi_plan4BY0_BulbT_op2_uncert_X_w-eps-converted
-to.pdf>
Package pdftex.def Info: ./figures/bulbt/4BY0/14m/multi_plan4BY0_BulbT_op2_unce
rt_X_w-eps-converted-to.pdf used on input line 141.
(pdftex.def)             Requested size: 236.5534pt x 193.59396pt.
Package epstopdf Info: Source file: <./figures/bulbt/4BY0/50m/multi_plan4BY0_Bu
lbT_op2_uncert_X_w.eps>
(epstopdf)                    date: 2018-08-03 15:41:09
(epstopdf)                    size: 56419 bytes
(epstopdf)             Output file: <./figures/bulbt/4BY0/50m/multi_plan4BY0_Bu
lbT_op2_uncert_X_w-eps-converted-to.pdf>
(epstopdf)                    date: 2018-08-05 16:14:30
(epstopdf)                    size: 17763 bytes
(epstopdf)             Command: <repstopdf --outfile=./figures/bulbt/4BY0/50m/m
ulti_plan4BY0_BulbT_op2_uncert_X_w-eps-converted-to.pdf ./figures/bulbt/4BY0/50
m/multi_plan4BY0_BulbT_op2_uncert_X_w.eps>
(epstopdf)             \includegraphics on input line 142.
Package epstopdf Info: Output file is already uptodate.

<./figures/bulbt/4BY0/50m/multi_plan4BY0_BulbT_op2_uncert_X_w-eps-converted-to.
pdf, id=564, 614.295pt x 794.97pt>
File: ./figures/bulbt/4BY0/50m/multi_plan4BY0_BulbT_op2_uncert_X_w-eps-converte
d-to.pdf Graphic file (type pdf)

<use ./figures/bulbt/4BY0/50m/multi_plan4BY0_BulbT_op2_uncert_X_w-eps-converted
-to.pdf>
Package pdftex.def Info: ./figures/bulbt/4BY0/50m/multi_plan4BY0_BulbT_op2_unce
rt_X_w-eps-converted-to.pdf used on input line 142.
(pdftex.def)             Requested size: 236.5534pt x 193.59396pt.
Package epstopdf Info: Source file: <./figures/bulbt/4BY0/3m/zoom_multi_plan4BY
0_BulbT_op2_uncert_X_w.eps>
(epstopdf)                    date: 2018-08-05 15:33:00
(epstopdf)                    size: 22343 bytes
(epstopdf)             Output file: <./figures/bulbt/4BY0/3m/zoom_multi_plan4BY
0_BulbT_op2_uncert_X_w-eps-converted-to.pdf>
(epstopdf)                    date: 2018-08-05 16:14:30
(epstopdf)                    size: 8856 bytes
(epstopdf)             Command: <repstopdf --outfile=./figures/bulbt/4BY0/3m/zo
om_multi_plan4BY0_BulbT_op2_uncert_X_w-eps-converted-to.pdf ./figures/bulbt/4BY
0/3m/zoom_multi_plan4BY0_BulbT_op2_uncert_X_w.eps>
(epstopdf)             \includegraphics on input line 149.
Package epstopdf Info: Output file is already uptodate.

<./figures/bulbt/4BY0/3m/zoom_multi_plan4BY0_BulbT_op2_uncert_X_w-eps-converted
-to.pdf, id=566, 614.295pt x 794.97pt>
File: ./figures/bulbt/4BY0/3m/zoom_multi_plan4BY0_BulbT_op2_uncert_X_w-eps-conv
erted-to.pdf Graphic file (type pdf)

<use ./figures/bulbt/4BY0/3m/zoom_multi_plan4BY0_BulbT_op2_uncert_X_w-eps-conve
rted-to.pdf>
Package pdftex.def Info: ./figures/bulbt/4BY0/3m/zoom_multi_plan4BY0_BulbT_op2_
uncert_X_w-eps-converted-to.pdf used on input line 149.
(pdftex.def)             Requested size: 236.5534pt x 193.59396pt.
Package epstopdf Info: Source file: <./figures/bulbt/4BY0/14m/zoom_multi_plan4B
Y0_BulbT_op2_uncert_X_w.eps>
(epstopdf)                    date: 2018-08-04 16:26:13
(epstopdf)                    size: 24788 bytes
(epstopdf)             Output file: <./figures/bulbt/4BY0/14m/zoom_multi_plan4B
Y0_BulbT_op2_uncert_X_w-eps-converted-to.pdf>
(epstopdf)                    date: 2018-08-05 16:14:31
(epstopdf)                    size: 9495 bytes
(epstopdf)             Command: <repstopdf --outfile=./figures/bulbt/4BY0/14m/z
oom_multi_plan4BY0_BulbT_op2_uncert_X_w-eps-converted-to.pdf ./figures/bulbt/4B
Y0/14m/zoom_multi_plan4BY0_BulbT_op2_uncert_X_w.eps>
(epstopdf)             \includegraphics on input line 150.
Package epstopdf Info: Output file is already uptodate.

<./figures/bulbt/4BY0/14m/zoom_multi_plan4BY0_BulbT_op2_uncert_X_w-eps-converte
d-to.pdf, id=568, 614.295pt x 794.97pt>
File: ./figures/bulbt/4BY0/14m/zoom_multi_plan4BY0_BulbT_op2_uncert_X_w-eps-con
verted-to.pdf Graphic file (type pdf)

<use ./figures/bulbt/4BY0/14m/zoom_multi_plan4BY0_BulbT_op2_uncert_X_w-eps-conv
erted-to.pdf>
Package pdftex.def Info: ./figures/bulbt/4BY0/14m/zoom_multi_plan4BY0_BulbT_op2
_uncert_X_w-eps-converted-to.pdf used on input line 150.
(pdftex.def)             Requested size: 236.5534pt x 193.59396pt.
Package epstopdf Info: Source file: <./figures/bulbt/4BY0/50m/zoom_multi_plan4B
Y0_BulbT_op2_uncert_X_w.eps>
(epstopdf)                    date: 2018-08-03 15:41:09
(epstopdf)                    size: 27800 bytes
(epstopdf)             Output file: <./figures/bulbt/4BY0/50m/zoom_multi_plan4B
Y0_BulbT_op2_uncert_X_w-eps-converted-to.pdf>
(epstopdf)                    date: 2018-08-05 16:14:31
(epstopdf)                    size: 10443 bytes
(epstopdf)             Command: <repstopdf --outfile=./figures/bulbt/4BY0/50m/z
oom_multi_plan4BY0_BulbT_op2_uncert_X_w-eps-converted-to.pdf ./figures/bulbt/4B
Y0/50m/zoom_multi_plan4BY0_BulbT_op2_uncert_X_w.eps>
(epstopdf)             \includegraphics on input line 151.
Package epstopdf Info: Output file is already uptodate.

<./figures/bulbt/4BY0/50m/zoom_multi_plan4BY0_BulbT_op2_uncert_X_w-eps-converte
d-to.pdf, id=570, 614.295pt x 794.97pt>
File: ./figures/bulbt/4BY0/50m/zoom_multi_plan4BY0_BulbT_op2_uncert_X_w-eps-con
verted-to.pdf Graphic file (type pdf)

<use ./figures/bulbt/4BY0/50m/zoom_multi_plan4BY0_BulbT_op2_uncert_X_w-eps-conv
erted-to.pdf>
Package pdftex.def Info: ./figures/bulbt/4BY0/50m/zoom_multi_plan4BY0_BulbT_op2
_uncert_X_w-eps-converted-to.pdf used on input line 151.
(pdftex.def)             Requested size: 236.5534pt x 193.59396pt.
Package epstopdf Info: Source file: <./figures/bulbt/4BY0/3m/multi_plan4BY0_Bul
bT_op2_uncert_X_v.eps>
(epstopdf)                    date: 2018-08-05 15:33:00
(epstopdf)                    size: 45611 bytes
(epstopdf)             Output file: <./figures/bulbt/4BY0/3m/multi_plan4BY0_Bul
bT_op2_uncert_X_v-eps-converted-to.pdf>
(epstopdf)                    date: 2018-08-05 16:14:32
(epstopdf)                    size: 13660 bytes
(epstopdf)             Command: <repstopdf --outfile=./figures/bulbt/4BY0/3m/mu
lti_plan4BY0_BulbT_op2_uncert_X_v-eps-converted-to.pdf ./figures/bulbt/4BY0/3m/
multi_plan4BY0_BulbT_op2_uncert_X_v.eps>
(epstopdf)             \includegraphics on input line 159.
Package epstopdf Info: Output file is already uptodate.

<./figures/bulbt/4BY0/3m/multi_plan4BY0_BulbT_op2_uncert_X_v-eps-converted-to.p
df, id=572, 614.295pt x 794.97pt>
File: ./figures/bulbt/4BY0/3m/multi_plan4BY0_BulbT_op2_uncert_X_v-eps-converted
-to.pdf Graphic file (type pdf)

<use ./figures/bulbt/4BY0/3m/multi_plan4BY0_BulbT_op2_uncert_X_v-eps-converted-
to.pdf>
Package pdftex.def Info: ./figures/bulbt/4BY0/3m/multi_plan4BY0_BulbT_op2_uncer
t_X_v-eps-converted-to.pdf used on input line 159.
(pdftex.def)             Requested size: 236.5534pt x 193.59396pt.
Package epstopdf Info: Source file: <./figures/bulbt/4BY0/14m/multi_plan4BY0_Bu
lbT_op2_uncert_X_v.eps>
(epstopdf)                    date: 2018-08-04 16:26:13
(epstopdf)                    size: 49847 bytes
(epstopdf)             Output file: <./figures/bulbt/4BY0/14m/multi_plan4BY0_Bu
lbT_op2_uncert_X_v-eps-converted-to.pdf>
(epstopdf)                    date: 2018-08-05 16:14:32
(epstopdf)                    size: 14965 bytes
(epstopdf)             Command: <repstopdf --outfile=./figures/bulbt/4BY0/14m/m
ulti_plan4BY0_BulbT_op2_uncert_X_v-eps-converted-to.pdf ./figures/bulbt/4BY0/14
m/multi_plan4BY0_BulbT_op2_uncert_X_v.eps>
(epstopdf)             \includegraphics on input line 160.
Package epstopdf Info: Output file is already uptodate.

<./figures/bulbt/4BY0/14m/multi_plan4BY0_BulbT_op2_uncert_X_v-eps-converted-to.
pdf, id=574, 614.295pt x 794.97pt>
File: ./figures/bulbt/4BY0/14m/multi_plan4BY0_BulbT_op2_uncert_X_v-eps-converte
d-to.pdf Graphic file (type pdf)

<use ./figures/bulbt/4BY0/14m/multi_plan4BY0_BulbT_op2_uncert_X_v-eps-converted
-to.pdf>
Package pdftex.def Info: ./figures/bulbt/4BY0/14m/multi_plan4BY0_BulbT_op2_unce
rt_X_v-eps-converted-to.pdf used on input line 160.
(pdftex.def)             Requested size: 236.5534pt x 193.59396pt.
Package epstopdf Info: Source file: <./figures/bulbt/4BY0/50m/multi_plan4BY0_Bu
lbT_op2_uncert_X_v.eps>
(epstopdf)                    date: 2018-08-03 15:41:09
(epstopdf)                    size: 58924 bytes
(epstopdf)             Output file: <./figures/bulbt/4BY0/50m/multi_plan4BY0_Bu
lbT_op2_uncert_X_v-eps-converted-to.pdf>
(epstopdf)                    date: 2018-08-05 16:14:32
(epstopdf)                    size: 17692 bytes
(epstopdf)             Command: <repstopdf --outfile=./figures/bulbt/4BY0/50m/m
ulti_plan4BY0_BulbT_op2_uncert_X_v-eps-converted-to.pdf ./figures/bulbt/4BY0/50
m/multi_plan4BY0_BulbT_op2_uncert_X_v.eps>
(epstopdf)             \includegraphics on input line 161.
Package epstopdf Info: Output file is already uptodate.

<./figures/bulbt/4BY0/50m/multi_plan4BY0_BulbT_op2_uncert_X_v-eps-converted-to.
pdf, id=576, 614.295pt x 794.97pt>
File: ./figures/bulbt/4BY0/50m/multi_plan4BY0_BulbT_op2_uncert_X_v-eps-converte
d-to.pdf Graphic file (type pdf)

<use ./figures/bulbt/4BY0/50m/multi_plan4BY0_BulbT_op2_uncert_X_v-eps-converted
-to.pdf>
Package pdftex.def Info: ./figures/bulbt/4BY0/50m/multi_plan4BY0_BulbT_op2_unce
rt_X_v-eps-converted-to.pdf used on input line 161.
(pdftex.def)             Requested size: 236.5534pt x 193.59396pt.
Package epstopdf Info: Source file: <./figures/bulbt/4BY0/3m/zoom_multi_plan4BY
0_BulbT_op2_uncert_X_v.eps>
(epstopdf)                    date: 2018-09-03 20:54:46
(epstopdf)                    size: 29413 bytes
(epstopdf)             Output file: <./figures/bulbt/4BY0/3m/zoom_multi_plan4BY
0_BulbT_op2_uncert_X_v-eps-converted-to.pdf>
(epstopdf)                    date: 2018-09-03 20:58:33
(epstopdf)                    size: 10337 bytes
(epstopdf)             Command: <repstopdf --outfile=./figures/bulbt/4BY0/3m/zo
om_multi_plan4BY0_BulbT_op2_uncert_X_v-eps-converted-to.pdf ./figures/bulbt/4BY
0/3m/zoom_multi_plan4BY0_BulbT_op2_uncert_X_v.eps>
(epstopdf)             \includegraphics on input line 168.
Package epstopdf Info: Output file is already uptodate.

<./figures/bulbt/4BY0/3m/zoom_multi_plan4BY0_BulbT_op2_uncert_X_v-eps-converted
-to.pdf, id=578, 614.295pt x 794.97pt>
File: ./figures/bulbt/4BY0/3m/zoom_multi_plan4BY0_BulbT_op2_uncert_X_v-eps-conv
erted-to.pdf Graphic file (type pdf)

<use ./figures/bulbt/4BY0/3m/zoom_multi_plan4BY0_BulbT_op2_uncert_X_v-eps-conve
rted-to.pdf>
Package pdftex.def Info: ./figures/bulbt/4BY0/3m/zoom_multi_plan4BY0_BulbT_op2_
uncert_X_v-eps-converted-to.pdf used on input line 168.
(pdftex.def)             Requested size: 236.5534pt x 193.59396pt.
Package epstopdf Info: Source file: <./figures/bulbt/4BY0/14m/zoom_multi_plan4B
Y0_BulbT_op2_uncert_X_v.eps>
(epstopdf)                    date: 2018-09-03 20:55:54
(epstopdf)                    size: 29803 bytes
(epstopdf)             Output file: <./figures/bulbt/4BY0/14m/zoom_multi_plan4B
Y0_BulbT_op2_uncert_X_v-eps-converted-to.pdf>
(epstopdf)                    date: 2018-09-03 20:58:33
(epstopdf)                    size: 10522 bytes
(epstopdf)             Command: <repstopdf --outfile=./figures/bulbt/4BY0/14m/z
oom_multi_plan4BY0_BulbT_op2_uncert_X_v-eps-converted-to.pdf ./figures/bulbt/4B
Y0/14m/zoom_multi_plan4BY0_BulbT_op2_uncert_X_v.eps>
(epstopdf)             \includegraphics on input line 169.
Package epstopdf Info: Output file is already uptodate.

<./figures/bulbt/4BY0/14m/zoom_multi_plan4BY0_BulbT_op2_uncert_X_v-eps-converte
d-to.pdf, id=580, 614.295pt x 794.97pt>
File: ./figures/bulbt/4BY0/14m/zoom_multi_plan4BY0_BulbT_op2_uncert_X_v-eps-con
verted-to.pdf Graphic file (type pdf)

<use ./figures/bulbt/4BY0/14m/zoom_multi_plan4BY0_BulbT_op2_uncert_X_v-eps-conv
erted-to.pdf>
Package pdftex.def Info: ./figures/bulbt/4BY0/14m/zoom_multi_plan4BY0_BulbT_op2
_uncert_X_v-eps-converted-to.pdf used on input line 169.
(pdftex.def)             Requested size: 236.5534pt x 193.59396pt.
Package epstopdf Info: Source file: <./figures/bulbt/4BY0/50m/zoom_multi_plan4B
Y0_BulbT_op2_uncert_X_v.eps>
(epstopdf)                    date: 2018-09-03 20:56:29
(epstopdf)                    size: 33122 bytes
(epstopdf)             Output file: <./figures/bulbt/4BY0/50m/zoom_multi_plan4B
Y0_BulbT_op2_uncert_X_v-eps-converted-to.pdf>
(epstopdf)                    date: 2018-09-03 20:58:34
(epstopdf)                    size: 11625 bytes
(epstopdf)             Command: <repstopdf --outfile=./figures/bulbt/4BY0/50m/z
oom_multi_plan4BY0_BulbT_op2_uncert_X_v-eps-converted-to.pdf ./figures/bulbt/4B
Y0/50m/zoom_multi_plan4BY0_BulbT_op2_uncert_X_v.eps>
(epstopdf)             \includegraphics on input line 170.
Package epstopdf Info: Output file is already uptodate.

<./figures/bulbt/4BY0/50m/zoom_multi_plan4BY0_BulbT_op2_uncert_X_v-eps-converte
d-to.pdf, id=582, 614.295pt x 794.97pt>
File: ./figures/bulbt/4BY0/50m/zoom_multi_plan4BY0_BulbT_op2_uncert_X_v-eps-con
verted-to.pdf Graphic file (type pdf)

<use ./figures/bulbt/4BY0/50m/zoom_multi_plan4BY0_BulbT_op2_uncert_X_v-eps-conv
erted-to.pdf>
Package pdftex.def Info: ./figures/bulbt/4BY0/50m/zoom_multi_plan4BY0_BulbT_op2
_uncert_X_v-eps-converted-to.pdf used on input line 170.
(pdftex.def)             Requested size: 236.5534pt x 193.59396pt.

<./figures/bulbt/w-contours-y0/14m-m.png, id=584, 1092.08pt x 970.62625pt>
File: ./figures/bulbt/w-contours-y0/14m-m.png Graphic file (type png)

<use ./figures/bulbt/w-contours-y0/14m-m.png>
Package pdftex.def Info: ./figures/bulbt/w-contours-y0/14m-m.png used on input 
line 178.
(pdftex.def)             Requested size: 205.17624pt x 216.31898pt.

<./figures/bulbt/w-contours-y0/14m-e.png, id=586, 1092.08pt x 969.6225pt>
File: ./figures/bulbt/w-contours-y0/14m-e.png Graphic file (type png)

<use ./figures/bulbt/w-contours-y0/14m-e.png>
Package pdftex.def Info: ./figures/bulbt/w-contours-y0/14m-e.png used on input 
line 179.
(pdftex.def)             Requested size: 205.17624pt x 216.09195pt.

<./figures/bulbt/w-contours-y0/14m-ep.png, id=588, 1092.08pt x 969.6225pt>
File: ./figures/bulbt/w-contours-y0/14m-ep.png Graphic file (type png)

<use ./figures/bulbt/w-contours-y0/14m-ep.png>
Package pdftex.def Info: ./figures/bulbt/w-contours-y0/14m-ep.png used on input
 line 180.
(pdftex.def)             Requested size: 205.17624pt x 216.09195pt.


LaTeX Warning: Float too large for page by 47.73863pt on input line 183.

<./figures/bulbt/w-contours-y0/50m-m.png, id=590, 1091.07625pt x 968.61874pt>
File: ./figures/bulbt/w-contours-y0/50m-m.png Graphic file (type png)

<use ./figures/bulbt/w-contours-y0/50m-m.png>
Package pdftex.def Info: ./figures/bulbt/w-contours-y0/50m-m.png used on input 
line 188.
(pdftex.def)             Requested size: 205.17624pt x 216.09793pt.

<./figures/bulbt/w-contours-y0/50m-e.png, id=592, 1092.08pt x 969.6225pt>
File: ./figures/bulbt/w-contours-y0/50m-e.png Graphic file (type png)

<use ./figures/bulbt/w-contours-y0/50m-e.png>
Package pdftex.def Info: ./figures/bulbt/w-contours-y0/50m-e.png used on input 
line 189.
(pdftex.def)             Requested size: 205.17624pt x 216.09195pt.

<./figures/bulbt/w-contours-y0/50m-ep.png, id=594, 1092.08pt x 969.6225pt>
File: ./figures/bulbt/w-contours-y0/50m-ep.png Graphic file (type png)

<use ./figures/bulbt/w-contours-y0/50m-ep.png>
Package pdftex.def Info: ./figures/bulbt/w-contours-y0/50m-ep.png used on input
 line 190.
(pdftex.def)             Requested size: 205.17624pt x 216.09195pt.


LaTeX Warning: Float too large for page by 47.51758pt on input line 193.

Package epstopdf Info: Source file: <./figures/bulbt/4BY0/3m/multi_plan4BY0_Bul
bT_op2_Tke_X.eps>
(epstopdf)                    date: 2018-08-05 15:33:00
(epstopdf)                    size: 45828 bytes
(epstopdf)             Output file: <./figures/bulbt/4BY0/3m/multi_plan4BY0_Bul
bT_op2_Tke_X-eps-converted-to.pdf>
(epstopdf)                    date: 2018-08-05 16:11:32
(epstopdf)                    size: 14490 bytes
(epstopdf)             Command: <repstopdf --outfile=./figures/bulbt/4BY0/3m/mu
lti_plan4BY0_BulbT_op2_Tke_X-eps-converted-to.pdf ./figures/bulbt/4BY0/3m/multi
_plan4BY0_BulbT_op2_Tke_X.eps>
(epstopdf)             \includegraphics on input line 200.
Package epstopdf Info: Output file is already uptodate.

<./figures/bulbt/4BY0/3m/multi_plan4BY0_BulbT_op2_Tke_X-eps-converted-to.pdf, i
d=596, 614.295pt x 794.97pt>
File: ./figures/bulbt/4BY0/3m/multi_plan4BY0_BulbT_op2_Tke_X-eps-converted-to.p
df Graphic file (type pdf)

<use ./figures/bulbt/4BY0/3m/multi_plan4BY0_BulbT_op2_Tke_X-eps-converted-to.pd
f>
Package pdftex.def Info: ./figures/bulbt/4BY0/3m/multi_plan4BY0_BulbT_op2_Tke_X
-eps-converted-to.pdf used on input line 200.
(pdftex.def)             Requested size: 236.5534pt x 193.59396pt.
Package epstopdf Info: Source file: <./figures/bulbt/4BY0/14m/multi_plan4BY0_Bu
lbT_op2_Tke_X.eps>
(epstopdf)                    date: 2018-08-04 16:26:13
(epstopdf)                    size: 50037 bytes
(epstopdf)             Output file: <./figures/bulbt/4BY0/14m/multi_plan4BY0_Bu
lbT_op2_Tke_X-eps-converted-to.pdf>
(epstopdf)                    date: 2018-08-05 16:11:32
(epstopdf)                    size: 15435 bytes
(epstopdf)             Command: <repstopdf --outfile=./figures/bulbt/4BY0/14m/m
ulti_plan4BY0_BulbT_op2_Tke_X-eps-converted-to.pdf ./figures/bulbt/4BY0/14m/mul
ti_plan4BY0_BulbT_op2_Tke_X.eps>
(epstopdf)             \includegraphics on input line 201.
Package epstopdf Info: Output file is already uptodate.

<./figures/bulbt/4BY0/14m/multi_plan4BY0_BulbT_op2_Tke_X-eps-converted-to.pdf, 
id=598, 614.295pt x 794.97pt>
File: ./figures/bulbt/4BY0/14m/multi_plan4BY0_BulbT_op2_Tke_X-eps-converted-to.
pdf Graphic file (type pdf)

<use ./figures/bulbt/4BY0/14m/multi_plan4BY0_BulbT_op2_Tke_X-eps-converted-to.p
df>
Package pdftex.def Info: ./figures/bulbt/4BY0/14m/multi_plan4BY0_BulbT_op2_Tke_
X-eps-converted-to.pdf used on input line 201.
(pdftex.def)             Requested size: 236.5534pt x 193.59396pt.
Package epstopdf Info: Source file: <./figures/bulbt/4BY0/50m/multi_plan4BY0_Bu
lbT_op2_Tke_X.eps>
(epstopdf)                    date: 2018-08-03 15:41:08
(epstopdf)                    size: 59176 bytes
(epstopdf)             Output file: <./figures/bulbt/4BY0/50m/multi_plan4BY0_Bu
lbT_op2_Tke_X-eps-converted-to.pdf>
(epstopdf)                    date: 2018-08-05 16:11:32
(epstopdf)                    size: 18070 bytes
(epstopdf)             Command: <repstopdf --outfile=./figures/bulbt/4BY0/50m/m
ulti_plan4BY0_BulbT_op2_Tke_X-eps-converted-to.pdf ./figures/bulbt/4BY0/50m/mul
ti_plan4BY0_BulbT_op2_Tke_X.eps>
(epstopdf)             \includegraphics on input line 202.
Package epstopdf Info: Output file is already uptodate.

<./figures/bulbt/4BY0/50m/multi_plan4BY0_BulbT_op2_Tke_X-eps-converted-to.pdf, 
id=600, 614.295pt x 794.97pt>
File: ./figures/bulbt/4BY0/50m/multi_plan4BY0_BulbT_op2_Tke_X-eps-converted-to.
pdf Graphic file (type pdf)

<use ./figures/bulbt/4BY0/50m/multi_plan4BY0_BulbT_op2_Tke_X-eps-converted-to.p
df>
Package pdftex.def Info: ./figures/bulbt/4BY0/50m/multi_plan4BY0_BulbT_op2_Tke_
X-eps-converted-to.pdf used on input line 202.
(pdftex.def)             Requested size: 236.5534pt x 193.59396pt.
Package epstopdf Info: Source file: <./figures/bulbt/4BY0/3m/zoom_multi_plan4BY
0_BulbT_op2_Tke_X.eps>
(epstopdf)                    date: 2018-08-05 15:33:00
(epstopdf)                    size: 29895 bytes
(epstopdf)             Output file: <./figures/bulbt/4BY0/3m/zoom_multi_plan4BY
0_BulbT_op2_Tke_X-eps-converted-to.pdf>
(epstopdf)                    date: 2018-08-05 16:11:33
(epstopdf)                    size: 11182 bytes
(epstopdf)             Command: <repstopdf --outfile=./figures/bulbt/4BY0/3m/zo
om_multi_plan4BY0_BulbT_op2_Tke_X-eps-converted-to.pdf ./figures/bulbt/4BY0/3m/
zoom_multi_plan4BY0_BulbT_op2_Tke_X.eps>
(epstopdf)             \includegraphics on input line 209.
Package epstopdf Info: Output file is already uptodate.

<./figures/bulbt/4BY0/3m/zoom_multi_plan4BY0_BulbT_op2_Tke_X-eps-converted-to.p
df, id=602, 614.295pt x 794.97pt>
File: ./figures/bulbt/4BY0/3m/zoom_multi_plan4BY0_BulbT_op2_Tke_X-eps-converted
-to.pdf Graphic file (type pdf)

<use ./figures/bulbt/4BY0/3m/zoom_multi_plan4BY0_BulbT_op2_Tke_X-eps-converted-
to.pdf>
Package pdftex.def Info: ./figures/bulbt/4BY0/3m/zoom_multi_plan4BY0_BulbT_op2_
Tke_X-eps-converted-to.pdf used on input line 209.
(pdftex.def)             Requested size: 236.5534pt x 193.59396pt.
Package epstopdf Info: Source file: <./figures/bulbt/4BY0/14m/zoom_multi_plan4B
Y0_BulbT_op2_Tke_X.eps>
(epstopdf)                    date: 2018-08-04 16:26:13
(epstopdf)                    size: 30243 bytes
(epstopdf)             Output file: <./figures/bulbt/4BY0/14m/zoom_multi_plan4B
Y0_BulbT_op2_Tke_X-eps-converted-to.pdf>
(epstopdf)                    date: 2018-08-05 16:11:33
(epstopdf)                    size: 11286 bytes
(epstopdf)             Command: <repstopdf --outfile=./figures/bulbt/4BY0/14m/z
oom_multi_plan4BY0_BulbT_op2_Tke_X-eps-converted-to.pdf ./figures/bulbt/4BY0/14
m/zoom_multi_plan4BY0_BulbT_op2_Tke_X.eps>
(epstopdf)             \includegraphics on input line 210.
Package epstopdf Info: Output file is already uptodate.

<./figures/bulbt/4BY0/14m/zoom_multi_plan4BY0_BulbT_op2_Tke_X-eps-converted-to.
pdf, id=604, 614.295pt x 794.97pt>
File: ./figures/bulbt/4BY0/14m/zoom_multi_plan4BY0_BulbT_op2_Tke_X-eps-converte
d-to.pdf Graphic file (type pdf)

<use ./figures/bulbt/4BY0/14m/zoom_multi_plan4BY0_BulbT_op2_Tke_X-eps-converted
-to.pdf>
Package pdftex.def Info: ./figures/bulbt/4BY0/14m/zoom_multi_plan4BY0_BulbT_op2
_Tke_X-eps-converted-to.pdf used on input line 210.
(pdftex.def)             Requested size: 236.5534pt x 193.59396pt.
Package epstopdf Info: Source file: <./figures/bulbt/4BY0/50m/zoom_multi_plan4B
Y0_BulbT_op2_Tke_X.eps>
(epstopdf)                    date: 2018-08-03 15:41:09
(epstopdf)                    size: 33563 bytes
(epstopdf)             Output file: <./figures/bulbt/4BY0/50m/zoom_multi_plan4B
Y0_BulbT_op2_Tke_X-eps-converted-to.pdf>
(epstopdf)                    date: 2018-08-05 16:11:34
(epstopdf)                    size: 12322 bytes
(epstopdf)             Command: <repstopdf --outfile=./figures/bulbt/4BY0/50m/z
oom_multi_plan4BY0_BulbT_op2_Tke_X-eps-converted-to.pdf ./figures/bulbt/4BY0/50
m/zoom_multi_plan4BY0_BulbT_op2_Tke_X.eps>
(epstopdf)             \includegraphics on input line 211.
Package epstopdf Info: Output file is already uptodate.

<./figures/bulbt/4BY0/50m/zoom_multi_plan4BY0_BulbT_op2_Tke_X-eps-converted-to.
pdf, id=606, 614.295pt x 794.97pt>
File: ./figures/bulbt/4BY0/50m/zoom_multi_plan4BY0_BulbT_op2_Tke_X-eps-converte
d-to.pdf Graphic file (type pdf)

<use ./figures/bulbt/4BY0/50m/zoom_multi_plan4BY0_BulbT_op2_Tke_X-eps-converted
-to.pdf>
Package pdftex.def Info: ./figures/bulbt/4BY0/50m/zoom_multi_plan4BY0_BulbT_op2
_Tke_X-eps-converted-to.pdf used on input line 211.
(pdftex.def)             Requested size: 236.5534pt x 193.59396pt.
 <./figures/bulbt/4by0vo/3m.png, id=608, 1093.08376pt x 969.6225pt>
File: ./figures/bulbt/4by0vo/3m.png Graphic file (type png)

<use ./figures/bulbt/4by0vo/3m.png>
Package pdftex.def Info: ./figures/bulbt/4by0vo/3m.png used on input line 223.
(pdftex.def)             Requested size: 236.5534pt x 206.28647pt.

<./figures/bulbt/4by0vo/14m.png, id=610, 1092.08pt x 969.6225pt>
File: ./figures/bulbt/4by0vo/14m.png Graphic file (type png)

<use ./figures/bulbt/4by0vo/14m.png>
Package pdftex.def Info: ./figures/bulbt/4by0vo/14m.png used on input line 224.

(pdftex.def)             Requested size: 236.5534pt x 206.50478pt.

<./figures/bulbt/4by0vo/50m.png, id=612, 1093.08376pt x 969.6225pt>
File: ./figures/bulbt/4by0vo/50m.png Graphic file (type png)

<use ./figures/bulbt/4by0vo/50m.png>
Package pdftex.def Info: ./figures/bulbt/4by0vo/50m.png used on input line 225.

(pdftex.def)             Requested size: 236.5534pt x 206.28647pt.


LaTeX Warning: Float too large for page by 18.14938pt on input line 228.

<./figures/bulbt/P/3m.png, id=614, 1092.08pt x 968.61874pt>
File: ./figures/bulbt/P/3m.png Graphic file (type png)

<use ./figures/bulbt/P/3m.png>
Package pdftex.def Info: ./figures/bulbt/P/3m.png used on input line 235.
(pdftex.def)             Requested size: 236.5534pt x 206.25847pt.

<./figures/bulbt/P/14m.png, id=616, 1092.08pt x 969.6225pt>
File: ./figures/bulbt/P/14m.png Graphic file (type png)

<use ./figures/bulbt/P/14m.png>
Package pdftex.def Info: ./figures/bulbt/P/14m.png used on input line 236.
(pdftex.def)             Requested size: 236.5534pt x 206.50478pt.

<./figures/bulbt/P/50m.png, id=618, 1092.08pt x 968.61874pt>
File: ./figures/bulbt/P/50m.png Graphic file (type png)

<use ./figures/bulbt/P/50m.png>
Package pdftex.def Info: ./figures/bulbt/P/50m.png used on input line 237.
(pdftex.def)             Requested size: 236.5534pt x 206.25847pt.


LaTeX Warning: Float too large for page by 6.2054pt on input line 240.

) (./conclusions.tex) [12 <./figures/bulbt/Location4B.png>] [13] [14 <./figures
/bulbt/4BY0/3m/multi_plan4BY0_BulbT_op2_uncert_X_w-eps-converted-to.pdf> <./fig
ures/bulbt/4BY0/14m/multi_plan4BY0_BulbT_op2_uncert_X_w-eps-converted-to.pdf> <
./figures/bulbt/4BY0/50m/multi_plan4BY0_BulbT_op2_uncert_X_w-eps-converted-to.p
df> <./figures/bulbt/4BY0/3m/zoom_multi_plan4BY0_BulbT_op2_uncert_X_w-eps-conve
rted-to.pdf> <./figures/bulbt/4BY0/14m/zoom_multi_plan4BY0_BulbT_op2_uncert_X_w
-eps-converted-to.pdf> <./figures/bulbt/4BY0/50m/zoom_multi_plan4BY0_BulbT_op2_
uncert_X_w-eps-converted-to.pdf>] [15 <./figures/bulbt/4BY0/3m/multi_plan4BY0_B
ulbT_op2_uncert_X_v-eps-converted-to.pdf> <./figures/bulbt/4BY0/14m/multi_plan4
BY0_BulbT_op2_uncert_X_v-eps-converted-to.pdf> <./figures/bulbt/4BY0/50m/multi_
plan4BY0_BulbT_op2_uncert_X_v-eps-converted-to.pdf> <./figures/bulbt/4BY0/3m/zo
om_multi_plan4BY0_BulbT_op2_uncert_X_v-eps-converted-to.pdf> <./figures/bulbt/4
BY0/14m/zoom_multi_plan4BY0_BulbT_op2_uncert_X_v-eps-converted-to.pdf> <./figur
es/bulbt/4BY0/50m/zoom_multi_plan4BY0_BulbT_op2_uncert_X_v-eps-converted-to.pdf
>] [16 <./figures/bulbt/w-contours-y0/14m-m.png> <./figures/bulbt/w-contours-y0
/14m-e.png> <./figures/bulbt/w-contours-y0/14m-ep.png> <./figures/bulbt/w-conto
urs-y0/50m-m.png> <./figures/bulbt/w-contours-y0/50m-e.png> <./figures/bulbt/w-
contours-y0/50m-ep.png>] [17 <./figures/bulbt/4BY0/3m/multi_plan4BY0_BulbT_op2_
Tke_X-eps-converted-to.pdf> <./figures/bulbt/4BY0/14m/multi_plan4BY0_BulbT_op2_
Tke_X-eps-converted-to.pdf> <./figures/bulbt/4BY0/50m/multi_plan4BY0_BulbT_op2_
Tke_X-eps-converted-to.pdf> <./figures/bulbt/4BY0/3m/zoom_multi_plan4BY0_BulbT_
op2_Tke_X-eps-converted-to.pdf> <./figures/bulbt/4BY0/14m/zoom_multi_plan4BY0_B
ulbT_op2_Tke_X-eps-converted-to.pdf> <./figures/bulbt/4BY0/50m/zoom_multi_plan4
BY0_BulbT_op2_Tke_X-eps-converted-to.pdf>] [18 <./figures/bulbt/4by0vo/3m.png> 
<./figures/bulbt/4by0vo/14m.png> <./figures/bulbt/4by0vo/50m.png> <./figures/bu
lbt/P/3m.png> <./figures/bulbt/P/14m.png> <./figures/bulbt/P/50m.png>]
(./2018eddy_journal.bbl
Missing character: There is no  in font ptmri7t!
Missing character: There is no  in font ptmri7t!
Missing character: There is no  in font ptmri7t!
Missing character: There is no  in font ptmr7t!
Missing character: There is no  in font ptmr7t!
Missing character: There is no  in font ptmr7t!

Underfull \vbox (badness 10000) has occurred while \output is active []


Underfull \hbox (badness 1221) in paragraph at lines 100--103
[]\OT1/ptm/m/n/10 Sekora, M., and Colella, P., 2009.  ``Extremum-
 []


Underfull \vbox (badness 10000) has occurred while \output is active []

 [19

])
Package atveryend Info: Empty hook `BeforeClearDocument' on input line 210.

[20

]
Package atveryend Info: Empty hook `AfterLastShipout' on input line 210.
 (./2018eddy_journal.aux)
Package atveryend Info: Executing hook `AtVeryEndDocument' on input line 210.
Package atveryend Info: Executing hook `AtEndAfterFileList' on input line 210.
Package rerunfilecheck Info: File `2018eddy_journal.out' has not changed.
(rerunfilecheck)             Checksum: 651DF68BDA5ACCE3C9E39DEBAAB2F7D3;1423.
Package atveryend Info: Empty hook `AtVeryVeryEnd' on input line 210.
 ) 
Here is how much of TeX's memory you used:
 18898 strings out of 493089
 380154 string characters out of 6134842
 498193 words of memory out of 5000000
 21686 multiletter control sequences out of 15000+600000
 48169 words of font info for 91 fonts, out of 8000000 for 9000
 1141 hyphenation exceptions out of 8191
 55i,16n,67p,2827b,625s stack positions out of 5000i,500n,10000p,200000b,80000s
{/usr/local/texlive/2015/texmf-dist/fonts/enc/dvips/base/8r.enc}</usr/local/t
exlive/2015/texmf-dist/fonts/type1/public/amsfonts/cm/cmex10.pfb></usr/local/te
xlive/2015/texmf-dist/fonts/type1/public/amsfonts/cmextra/cmex9.pfb></usr/local
/texlive/2015/texmf-dist/fonts/type1/public/amsfonts/cm/cmmi10.pfb></usr/local/
texlive/2015/texmf-dist/fonts/type1/public/amsfonts/cm/cmr10.pfb></usr/local/te
xlive/2015/texmf-dist/fonts/type1/public/amsfonts/cm/cmsy10.pfb></usr/local/tex
live/2015/texmf-dist/fonts/type1/urw/helvetic/uhvb8a.pfb></usr/local/texlive/20
15/texmf-dist/fonts/type1/urw/helvetic/uhvr8a.pfb></usr/local/texlive/2015/texm
f-dist/fonts/type1/urw/symbol/usyr.pfb></usr/local/texlive/2015/texmf-dist/font
s/type1/urw/times/utmb8a.pfb></usr/local/texlive/2015/texmf-dist/fonts/type1/ur
w/times/utmr8a.pfb></usr/local/texlive/2015/texmf-dist/fonts/type1/urw/times/ut
mri8a.pfb>
Output written on 2018eddy_journal.pdf (20 pages, 3047444 bytes).
PDF statistics:
 970 PDF objects out of 1000 (max. 8388607)
 682 compressed objects within 7 object streams
 211 named destinations out of 1000 (max. 500000)
 1012 words of extra memory for PDF output out of 10000 (max. 10000000)

